

Processing ApplicationController#index (for 127.0.0.1 at 2010-05-19 15:58:09) [GET]

ActionController::RoutingError (No route matches "/rails/info/properties" with {:method=>:get}):
  

Rendering rescues/layout (not_found)


Processing AccountController#signup (for 127.0.0.1 at 2010-05-19 15:59:40) [GET]
Rendering template within layouts/login
Rendering account/signup
Completed in 344ms (View: 156, DB: 172) | 200 OK [http://localhost/]


Processing AccountController#signup (for 127.0.0.1 at 2010-05-19 15:59:40) [GET]
Rendering template within layouts/login
Rendering account/signup
Completed in 15ms (View: 15, DB: 0) | 200 OK [http://localhost/]


Processing AccountController#login (for 127.0.0.1 at 2010-05-19 15:59:44) [GET]
Rendering template within layouts/login
Rendering account/login
Completed in 15ms (View: 15, DB: 0) | 200 OK [http://localhost/account/login]


Processing AccountController#signup (for 127.0.0.1 at 2010-05-19 16:00:53) [POST]
  Parameters: {"user"=>{"password_confirmation"=>"fortune", "password"=>"fortune", "login"=>"hitendra", "email"=>"hitendrasingh1985@gmail.com"}, "commit"=>"", "authenticity_token"=>"GMt11EfNmgEBwTNDFVFgtzSQqbay73e633o8xO9r2Yc="}
Sent mail to hitendrasingh1985@gmail.com

Errno::ECONNREFUSED (No connection could be made because the target machine actively refused it. - connect(2)):
  C:/Ruby/lib/ruby/1.8/timeout.rb:62:in `timeout'
  C:/Ruby/lib/ruby/1.8/timeout.rb:93:in `timeout'
  C:/Ruby/lib/ruby/1.8/net/smtp.rb:377:in `start'
  app/models/user_observer.rb:3:in `after_create'
  C:/Ruby/lib/ruby/1.8/observer.rb:185:in `notify_observers'
  C:/Ruby/lib/ruby/1.8/observer.rb:184:in `each'
  C:/Ruby/lib/ruby/1.8/observer.rb:184:in `notify_observers'
  app/controllers/account_controller.rb:28:in `signup'

Rendering rescues/layout (internal_server_error)


Processing AccountController#signup (for 127.0.0.1 at 2010-05-19 16:01:30) [POST]
  Parameters: {"user"=>{"password_confirmation"=>"fortune", "password"=>"fortune", "login"=>"hitendra", "email"=>"hitendrasingh1985@gmail.com"}, "commit"=>"", "authenticity_token"=>"GMt11EfNmgEBwTNDFVFgtzSQqbay73e633o8xO9r2Yc="}
Sent mail to hitendrasingh1985@gmail.com

Errno::ECONNREFUSED (No connection could be made because the target machine actively refused it. - connect(2)):
  C:/Ruby/lib/ruby/1.8/timeout.rb:62:in `timeout'
  C:/Ruby/lib/ruby/1.8/timeout.rb:93:in `timeout'
  C:/Ruby/lib/ruby/1.8/net/smtp.rb:377:in `start'
  app/models/user_observer.rb:3:in `after_create'
  C:/Ruby/lib/ruby/1.8/observer.rb:185:in `notify_observers'
  C:/Ruby/lib/ruby/1.8/observer.rb:184:in `each'
  C:/Ruby/lib/ruby/1.8/observer.rb:184:in `notify_observers'
  app/controllers/account_controller.rb:28:in `signup'

Rendering rescues/layout (internal_server_error)


Processing AccountController#signup (for 127.0.0.1 at 2010-05-19 16:09:26) [GET]
Rendering template within layouts/login
Rendering account/signup
Completed in 141ms (View: 110, DB: 15) | 200 OK [http://localhost/]


Processing AccountController#signup (for 127.0.0.1 at 2010-05-19 16:09:41) [POST]
  Parameters: {"user"=>{"password_confirmation"=>"fortune", "password"=>"fortune", "login"=>"hitendra", "email"=>"hitendrasingh1985@gmail.com"}, "commit"=>"", "authenticity_token"=>"GMt11EfNmgEBwTNDFVFgtzSQqbay73e633o8xO9r2Yc="}
Sent mail to hitendrasingh1985@gmail.com

Errno::ECONNREFUSED (No connection could be made because the target machine actively refused it. - connect(2)):
  C:/Ruby/lib/ruby/1.8/timeout.rb:62:in `timeout'
  C:/Ruby/lib/ruby/1.8/timeout.rb:93:in `timeout'
  C:/Ruby/lib/ruby/1.8/net/smtp.rb:377:in `start'
  app/models/user_observer.rb:3:in `after_create'
  C:/Ruby/lib/ruby/1.8/observer.rb:185:in `notify_observers'
  C:/Ruby/lib/ruby/1.8/observer.rb:184:in `each'
  C:/Ruby/lib/ruby/1.8/observer.rb:184:in `notify_observers'
  app/controllers/account_controller.rb:28:in `signup'

Rendering rescues/layout (internal_server_error)


Processing AccountController#signup (for 127.0.0.1 at 2010-05-19 16:12:56) [POST]
  Parameters: {"user"=>{"password_confirmation"=>"fortune", "password"=>"fortune", "login"=>"hitendra", "email"=>"hitendrasingh1985@gmail.com"}, "commit"=>"", "authenticity_token"=>"GMt11EfNmgEBwTNDFVFgtzSQqbay73e633o8xO9r2Yc="}
Sent mail to hitendrasingh1985@gmail.com

Errno::ECONNREFUSED (No connection could be made because the target machine actively refused it. - connect(2)):
  C:/Ruby/lib/ruby/1.8/timeout.rb:62:in `timeout'
  C:/Ruby/lib/ruby/1.8/timeout.rb:93:in `timeout'
  C:/Ruby/lib/ruby/1.8/net/smtp.rb:377:in `start'
  app/models/user_observer.rb:3:in `after_create'
  C:/Ruby/lib/ruby/1.8/observer.rb:185:in `notify_observers'
  C:/Ruby/lib/ruby/1.8/observer.rb:184:in `each'
  C:/Ruby/lib/ruby/1.8/observer.rb:184:in `notify_observers'
  app/controllers/account_controller.rb:28:in `signup'

Rendering rescues/layout (internal_server_error)


Processing AccountController#signup (for 127.0.0.1 at 2010-05-19 16:13:40) [POST]
  Parameters: {"user"=>{"password_confirmation"=>"fortune", "password"=>"fortune", "login"=>"hitendra", "email"=>"hitendrasingh1985@gmail.com"}, "commit"=>"", "authenticity_token"=>"GMt11EfNmgEBwTNDFVFgtzSQqbay73e633o8xO9r2Yc="}
Sent mail to hitendrasingh1985@gmail.com

Errno::ECONNREFUSED (No connection could be made because the target machine actively refused it. - connect(2)):
  C:/Ruby/lib/ruby/1.8/timeout.rb:62:in `timeout'
  C:/Ruby/lib/ruby/1.8/timeout.rb:93:in `timeout'
  C:/Ruby/lib/ruby/1.8/net/smtp.rb:377:in `start'
  app/models/user_observer.rb:3:in `after_create'
  C:/Ruby/lib/ruby/1.8/observer.rb:185:in `notify_observers'
  C:/Ruby/lib/ruby/1.8/observer.rb:184:in `each'
  C:/Ruby/lib/ruby/1.8/observer.rb:184:in `notify_observers'
  app/controllers/account_controller.rb:28:in `signup'

Rendering rescues/layout (internal_server_error)


Processing AccountController#signup (for 127.0.0.1 at 2010-05-19 16:21:00) [GET]
Rendering template within layouts/login
Rendering account/signup
Completed in 16ms (View: 16, DB: 79) | 200 OK [http://localhost/]


Processing AccountController#signup (for 127.0.0.1 at 2010-05-19 16:21:10) [POST]
  Parameters: {"user"=>{"password_confirmation"=>"fortune", "password"=>"fortune", "login"=>"hitendra", "email"=>"hitendrasingh1985@gmail.com"}, "commit"=>"", "authenticity_token"=>"GMt11EfNmgEBwTNDFVFgtzSQqbay73e633o8xO9r2Yc="}
Sent mail to hitendrasingh1985@gmail.com

Errno::ECONNREFUSED (No connection could be made because the target machine actively refused it. - connect(2)):
  C:/Ruby/lib/ruby/1.8/timeout.rb:62:in `timeout'
  C:/Ruby/lib/ruby/1.8/timeout.rb:93:in `timeout'
  C:/Ruby/lib/ruby/1.8/net/smtp.rb:377:in `start'
  app/models/user_observer.rb:3:in `after_create'
  C:/Ruby/lib/ruby/1.8/observer.rb:185:in `notify_observers'
  C:/Ruby/lib/ruby/1.8/observer.rb:184:in `each'
  C:/Ruby/lib/ruby/1.8/observer.rb:184:in `notify_observers'
  app/controllers/account_controller.rb:28:in `signup'

Rendering rescues/layout (internal_server_error)


Processing AccountController#signup (for 127.0.0.1 at 2010-05-19 16:24:03) [POST]
  Parameters: {"user"=>{"password_confirmation"=>"fortune", "password"=>"fortune", "login"=>"hitendra", "email"=>"hitendrasingh1985@gmail.com"}, "commit"=>"", "authenticity_token"=>"GMt11EfNmgEBwTNDFVFgtzSQqbay73e633o8xO9r2Yc="}
Sent mail to hitendrasingh1985@gmail.com

Errno::ECONNREFUSED (No connection could be made because the target machine actively refused it. - connect(2)):
  C:/Ruby/lib/ruby/1.8/timeout.rb:62:in `timeout'
  C:/Ruby/lib/ruby/1.8/timeout.rb:93:in `timeout'
  C:/Ruby/lib/ruby/1.8/net/smtp.rb:377:in `start'
  app/models/user_observer.rb:3:in `after_create'
  C:/Ruby/lib/ruby/1.8/observer.rb:185:in `notify_observers'
  C:/Ruby/lib/ruby/1.8/observer.rb:184:in `each'
  C:/Ruby/lib/ruby/1.8/observer.rb:184:in `notify_observers'
  app/controllers/account_controller.rb:28:in `signup'

Rendering rescues/layout (internal_server_error)


Processing AccountController#signup (for 127.0.0.1 at 2010-05-19 16:26:09) [GET]
Rendering template within layouts/login
Rendering account/signup
Completed in 171ms (View: 156, DB: 15) | 200 OK [http://localhost/]


Processing AccountController#signup (for 127.0.0.1 at 2010-05-19 16:26:17) [POST]
  Parameters: {"user"=>{"password_confirmation"=>"fortune", "password"=>"fortune", "login"=>"hitendra", "email"=>"hitendrasingh1985@gmail.com"}, "commit"=>"", "authenticity_token"=>"GMt11EfNmgEBwTNDFVFgtzSQqbay73e633o8xO9r2Yc="}
Sent mail to hitendrasingh1985@gmail.com
Redirected to http://localhost:3000/account/welcome
Completed in 14359ms (DB: 16) | 302 Found [http://localhost/]


Processing AccountController#welcome (for 127.0.0.1 at 2010-05-19 16:26:31) [GET]
Rendering template within layouts/login
Rendering account/welcome
Completed in 16ms (View: 0, DB: 16) | 200 OK [http://localhost/account/welcome]


Processing AccountController#activate (for 127.0.0.1 at 2010-05-19 16:26:47) [GET]
  Parameters: {"id"=>"2e087ff9145111cf149d2b3659292de50b3a25c6"}
Sent mail to hitendrasingh1985@gmail.com
Redirected to http://localhost:3000/account/login
Completed in 11547ms (DB: 48) | 302 Found [http://localhost/account/activate/2e087ff9145111cf149d2b3659292de50b3a25c6]


Processing AccountController#login (for 127.0.0.1 at 2010-05-19 16:26:58) [GET]
Rendering template within layouts/login
Rendering account/login
Completed in 16ms (View: 16, DB: 0) | 200 OK [http://localhost/account/login]


Processing AccountController#login (for 127.0.0.1 at 2010-05-19 16:27:42) [POST]
  Parameters: {"commit"=>"Log in", "authenticity_token"=>"GMt11EfNmgEBwTNDFVFgtzSQqbay73e633o8xO9r2Yc=", "login"=>"hitendra", "password"=>"fortune"}
Redirected to http://localhost:3000/home
Completed in 62ms (DB: 31) | 302 Found [http://localhost/account/login]


Processing HomeController#index (for 127.0.0.1 at 2010-05-19 16:27:42) [GET]
[paperclip] Saving attachments.
Rendering template within layouts/user
Rendering home/index

ActionView::TemplateError (undefined local variable or method `include_wice_grid_assets' for #<ActionView::Base:0x446b0f0>) on line #12 of app/views/layouts/user.rhtml:
9: <%= stylesheet_link_tag 'scaffold' %>
10: <%= stylesheet_link_tag 'profile' %>
11: <%= javascript_include_tag :defaults %>
12: <%= include_wice_grid_assets %>
13: 
14: </head>
15: <body>

    app/views/layouts/user.rhtml:12:in `_run_rhtml_app47views47layouts47user46rhtml'

Rendering rescues/layout (internal_server_error)


Processing HomeController#index (for 127.0.0.1 at 2010-05-19 16:28:21) [GET]
Rendering template within layouts/user
Rendering home/index

ActionView::TemplateError (undefined local variable or method `include_wice_grid_assets' for #<ActionView::Base:0x43dc288>) on line #12 of app/views/layouts/user.rhtml:
9: <%= stylesheet_link_tag 'scaffold' %>
10: <%= stylesheet_link_tag 'profile' %>
11: <%= javascript_include_tag :defaults %>
12: <%= include_wice_grid_assets %>
13: 
14: </head>
15: <body>

    app/views/layouts/user.rhtml:12:in `_run_rhtml_app47views47layouts47user46rhtml'

Rendering rescues/layout (internal_server_error)


Processing AccountController#login (for 127.0.0.1 at 2010-05-19 16:28:24) [GET]
Rendering template within layouts/login
Rendering account/login
Completed in 16ms (View: 16, DB: 0) | 200 OK [http://localhost/account/login]


Processing AccountController#login (for 127.0.0.1 at 2010-05-19 16:28:29) [POST]
  Parameters: {"commit"=>"Log in", "authenticity_token"=>"GMt11EfNmgEBwTNDFVFgtzSQqbay73e633o8xO9r2Yc=", "login"=>"hitendra", "password"=>"fortune"}
Redirected to http://localhost:3000/home
Completed in 47ms (DB: 31) | 302 Found [http://localhost/account/login]


Processing HomeController#index (for 127.0.0.1 at 2010-05-19 16:28:29) [GET]
Rendering template within layouts/user
Rendering home/index

ActionView::TemplateError (undefined local variable or method `include_wice_grid_assets' for #<ActionView::Base:0x45fd490>) on line #12 of app/views/layouts/user.rhtml:
9: <%= stylesheet_link_tag 'scaffold' %>
10: <%= stylesheet_link_tag 'profile' %>
11: <%= javascript_include_tag :defaults %>
12: <%= include_wice_grid_assets %>
13: 
14: </head>
15: <body>

    app/views/layouts/user.rhtml:12:in `_run_rhtml_app47views47layouts47user46rhtml'

Rendering rescues/layout (internal_server_error)


Processing AccountController#login (for 127.0.0.1 at 2010-05-19 16:33:25) [GET]
Rendering template within layouts/login
Rendering account/login
Completed in 125ms (View: 110, DB: 0) | 200 OK [http://localhost/account/login]


Processing AccountController#login (for 127.0.0.1 at 2010-05-19 16:33:30) [POST]
  Parameters: {"commit"=>"Log in", "authenticity_token"=>"GMt11EfNmgEBwTNDFVFgtzSQqbay73e633o8xO9r2Yc=", "login"=>"hitendra", "password"=>"fortune"}
Redirected to http://localhost:3000/home
Completed in 63ms (DB: 16) | 302 Found [http://localhost/account/login]


Processing HomeController#index (for 127.0.0.1 at 2010-05-19 16:33:30) [GET]
Rendering template within layouts/user
Rendering home/index
Completed in 219ms (View: 110, DB: 61) | 200 OK [http://localhost/home]


Processing ApplicationController#index (for 127.0.0.1 at 2010-05-19 16:33:30) [GET]

ActionController::RoutingError (No route matches "/system/photos/missing.jpeg" with {:method=>:get}):
  C:/Ruby/lib/ruby/1.8/webrick/httpserver.rb:104:in `service'
  C:/Ruby/lib/ruby/1.8/webrick/httpserver.rb:65:in `run'
  C:/Ruby/lib/ruby/1.8/webrick/server.rb:173:in `start_thread'
  C:/Ruby/lib/ruby/1.8/webrick/server.rb:162:in `start'
  C:/Ruby/lib/ruby/1.8/webrick/server.rb:162:in `start_thread'
  C:/Ruby/lib/ruby/1.8/webrick/server.rb:95:in `start'
  C:/Ruby/lib/ruby/1.8/webrick/server.rb:92:in `each'
  C:/Ruby/lib/ruby/1.8/webrick/server.rb:92:in `start'
  C:/Ruby/lib/ruby/1.8/webrick/server.rb:23:in `start'
  C:/Ruby/lib/ruby/1.8/webrick/server.rb:82:in `start'

Rendering rescues/layout (not_found)


Processing AlbumsController#index (for 127.0.0.1 at 2010-05-19 16:41:10) [GET]
Rendering template within layouts/home
Rendering albums/index
Completed in 63ms (View: 47, DB: 0) | 200 OK [http://localhost/albums/]


Processing ApplicationController#index (for 127.0.0.1 at 2010-05-19 16:41:11) [GET]

ActionController::RoutingError (No route matches "/system/photos/missing.jpeg" with {:method=>:get}):
  C:/Ruby/lib/ruby/1.8/webrick/httpserver.rb:104:in `service'
  C:/Ruby/lib/ruby/1.8/webrick/httpserver.rb:65:in `run'
  C:/Ruby/lib/ruby/1.8/webrick/server.rb:173:in `start_thread'
  C:/Ruby/lib/ruby/1.8/webrick/server.rb:162:in `start'
  C:/Ruby/lib/ruby/1.8/webrick/server.rb:162:in `start_thread'
  C:/Ruby/lib/ruby/1.8/webrick/server.rb:95:in `start'
  C:/Ruby/lib/ruby/1.8/webrick/server.rb:92:in `each'
  C:/Ruby/lib/ruby/1.8/webrick/server.rb:92:in `start'
  C:/Ruby/lib/ruby/1.8/webrick/server.rb:23:in `start'
  C:/Ruby/lib/ruby/1.8/webrick/server.rb:82:in `start'

Rendering rescues/layout (not_found)


Processing AlbumsController#new (for 127.0.0.1 at 2010-05-19 16:41:12) [GET]
Rendering template within layouts/home
Rendering albums/new
Completed in 94ms (View: 47, DB: 32) | 200 OK [http://localhost/albums/new]


Processing ApplicationController#index (for 127.0.0.1 at 2010-05-19 16:41:12) [GET]

ActionController::RoutingError (No route matches "/system/photos/missing.jpeg" with {:method=>:get}):
  C:/Ruby/lib/ruby/1.8/webrick/httpserver.rb:104:in `service'
  C:/Ruby/lib/ruby/1.8/webrick/httpserver.rb:65:in `run'
  C:/Ruby/lib/ruby/1.8/webrick/server.rb:173:in `start_thread'
  C:/Ruby/lib/ruby/1.8/webrick/server.rb:162:in `start'
  C:/Ruby/lib/ruby/1.8/webrick/server.rb:162:in `start_thread'
  C:/Ruby/lib/ruby/1.8/webrick/server.rb:95:in `start'
  C:/Ruby/lib/ruby/1.8/webrick/server.rb:92:in `each'
  C:/Ruby/lib/ruby/1.8/webrick/server.rb:92:in `start'
  C:/Ruby/lib/ruby/1.8/webrick/server.rb:23:in `start'
  C:/Ruby/lib/ruby/1.8/webrick/server.rb:82:in `start'

Rendering rescues/layout (not_found)


Processing AlbumsController#new (for 127.0.0.1 at 2010-05-19 16:55:53) [GET]
Rendering template within layouts/home
Rendering albums/new
Completed in 78ms (View: 31, DB: 47) | 200 OK [http://localhost/albums/new]


Processing HomeController#index (for 127.0.0.1 at 2010-05-19 16:58:03) [GET]
Rendering template within layouts/user
Rendering home/index
Completed in 187ms (View: 15, DB: 172) | 200 OK [http://localhost/home]


Processing HomeController#create (for 127.0.0.1 at 2010-05-19 16:58:05) [POST]
  Parameters: {"status"=>{"status"=>""}, "commit"=>"Create", "authenticity_token"=>"GMt11EfNmgEBwTNDFVFgtzSQqbay73e633o8xO9r2Yc="}

NameError (uninitialized constant HomeController::UserStatus):
  app/controllers/home_controller.rb:28:in `create'
  C:/Ruby/lib/ruby/1.8/webrick/httpserver.rb:104:in `service'
  C:/Ruby/lib/ruby/1.8/webrick/httpserver.rb:65:in `run'
  C:/Ruby/lib/ruby/1.8/webrick/server.rb:173:in `start_thread'
  C:/Ruby/lib/ruby/1.8/webrick/server.rb:162:in `start'
  C:/Ruby/lib/ruby/1.8/webrick/server.rb:162:in `start_thread'
  C:/Ruby/lib/ruby/1.8/webrick/server.rb:95:in `start'
  C:/Ruby/lib/ruby/1.8/webrick/server.rb:92:in `each'
  C:/Ruby/lib/ruby/1.8/webrick/server.rb:92:in `start'
  C:/Ruby/lib/ruby/1.8/webrick/server.rb:23:in `start'
  C:/Ruby/lib/ruby/1.8/webrick/server.rb:82:in `start'

Rendering rescues/layout (internal_server_error)


Processing HomeController#index (for 127.0.0.1 at 2010-05-19 16:58:56) [GET]
Rendering template within layouts/user
Rendering home/index
Completed in 47ms (View: 31, DB: 0) | 200 OK [http://localhost/home]


Processing HomeController#index (for 127.0.0.1 at 2010-05-19 16:58:58) [GET]
Rendering template within layouts/user
Rendering home/index
Completed in 62ms (View: 16, DB: 15) | 200 OK [http://localhost/home]


Processing HomeController#index (for 127.0.0.1 at 2010-05-19 17:01:24) [GET]
Rendering template within layouts/user
Rendering home/index
Completed in 47ms (View: 32, DB: 0) | 200 OK [http://localhost/home]


Processing HomeController#index (for 127.0.0.1 at 2010-05-19 17:01:26) [GET]
Rendering template within layouts/user
Rendering home/index
Completed in 62ms (View: 31, DB: 16) | 200 OK [http://localhost/home]


Processing HomeController#index (for 127.0.0.1 at 2010-05-19 17:02:33) [GET]
Rendering template within layouts/user
Rendering home/index
Completed in 265ms (View: 78, DB: 62) | 200 OK [http://localhost/home]


Processing AlbumsController#index (for 127.0.0.1 at 2010-05-19 17:02:44) [GET]
Rendering template within layouts/home
Rendering albums/index
Completed in 78ms (View: 62, DB: 16) | 200 OK [http://localhost/albums/]


Processing AlbumsController#new (for 127.0.0.1 at 2010-05-19 17:02:46) [GET]
Rendering template within layouts/home
Rendering albums/new
Completed in 235ms (View: 188, DB: 31) | 200 OK [http://localhost/albums/new]


Processing AccountController#logout (for 127.0.0.1 at 2010-05-19 17:04:04) [GET]
Redirected to http://localhost:3000/
Completed in 94ms (DB: 78) | 302 Found [http://localhost/account/logout]


Processing AccountController#signup (for 127.0.0.1 at 2010-05-19 17:04:05) [GET]
Rendering template within layouts/login
Rendering account/signup
Completed in 31ms (View: 31, DB: 0) | 200 OK [http://localhost/]


Processing AccountController#signup (for 127.0.0.1 at 2010-05-19 17:04:54) [POST]
  Parameters: {"user"=>{"password_confirmation"=>"123456", "password"=>"123456", "login"=>"ravi", "email"=>"ravikumawat87@gmail.com"}, "commit"=>"", "authenticity_token"=>"SRStoWolMFKxhpVBV6IHeUebi9T0NRgAX3tezJ2yD30="}
Sent mail to ravikumawat87@gmail.com
Redirected to http://localhost:3000/account/welcome
Completed in 10125ms (DB: 31) | 302 Found [http://localhost/]


Processing AccountController#welcome (for 127.0.0.1 at 2010-05-19 17:05:04) [GET]
Rendering template within layouts/login
Rendering account/welcome
Completed in 15ms (View: 15, DB: 0) | 200 OK [http://localhost/account/welcome]


Processing AccountController#activate (for 192.168.1.114 at 2010-05-19 17:25:44) [GET]
  Parameters: {"id"=>"7dfd8763603e157edbf84e9e8e636531c9a12662"}
Sent mail to ravikumawat87@gmail.com
Redirected to http://192.168.1.131:3000/account/login
Completed in 10235ms (DB: 31) | 302 Found [http://192.168.1.131/account/activate/7dfd8763603e157edbf84e9e8e636531c9a12662]


Processing AccountController#login (for 192.168.1.114 at 2010-05-19 17:25:54) [GET]
Rendering template within layouts/login
Rendering account/login
Completed in 15ms (View: 15, DB: 0) | 200 OK [http://192.168.1.131/account/login]


Processing AccountController#login (for 192.168.1.114 at 2010-05-19 17:26:11) [POST]
  Parameters: {"commit"=>"Log in", "authenticity_token"=>"BH0Hxp1l67OzlCRLXZ2LxMiDmbvT0j4wv5/hjAP7xTQ=", "login"=>"ravi", "password"=>"123456"}
Redirected to http://192.168.1.131:3000/home
Completed in 63ms (DB: 63) | 302 Found [http://192.168.1.131/account/login]


Processing HomeController#index (for 192.168.1.114 at 2010-05-19 17:26:11) [GET]
[paperclip] Saving attachments.
Rendering template within layouts/user
Rendering home/index
Completed in 343ms (View: 30, DB: 266) | 200 OK [http://192.168.1.131/home]


Processing SpecController#index (for 192.168.1.114 at 2010-05-19 17:26:17) [GET]
  Parameters: {"class"=>"a"}
Rendering template within layouts/application
Rendering spec/index
Completed in 359ms (View: 328, DB: 0) | 200 OK [http://192.168.1.131/spec?class=a]


Processing PhotoController#upload (for 192.168.1.114 at 2010-05-19 17:26:19) [GET]
Rendering template within layouts/application
Rendering photo/upload
Completed in 31ms (View: 15, DB: 0) | 200 OK [http://192.168.1.131/photo/upload]


Processing PhotoController#upload (for 192.168.1.114 at 2010-05-19 17:26:41) [POST]
  Parameters: {"photo"=>{"photo"=>#<File:C:/DOCUME~1/User/LOCALS~1/Temp/RackMultipart.1560.0>}, "commit"=>"Submit", "authenticity_token"=>"BH0Hxp1l67OzlCRLXZ2LxMiDmbvT0j4wv5/hjAP7xTQ="}
[paperclip] Saving attachments.
[paperclip] saving C:/Documents and Settings/User/business/public/system/photos/2/small/right.gif
[paperclip] saving C:/Documents and Settings/User/business/public/system/photos/2/large/right.gif
[paperclip] saving C:/Documents and Settings/User/business/public/system/photos/2/original/right.gif
Rendering template within layouts/application
Rendering photo/crop
Completed in 3297ms (View: 438, DB: 31) | 200 OK [http://192.168.1.131/photo/upload]


Processing PhotoController#upload (for 192.168.1.114 at 2010-05-19 17:26:54) [POST]
  Parameters: {"photo"=>{"crop_h"=>"8", "crop_w"=>"8", "crop_x"=>"0", "crop_y"=>"0"}, "commit"=>"Crop", "authenticity_token"=>"BH0Hxp1l67OzlCRLXZ2LxMiDmbvT0j4wv5/hjAP7xTQ="}
[paperclip] An error was received while processing: #<Paperclip::PaperclipError: There was an error processing the thumbnail for paperclip-reprocess,1560,0>
[paperclip] An error was received while processing: #<Paperclip::PaperclipError: There was an error processing the thumbnail for paperclip-reprocess,1560,0>
[paperclip] Saving attachments.
Redirected to http://192.168.1.131:3000/home
Completed in 860ms (DB: 0) | 302 Found [http://192.168.1.131/photo/upload]


Processing HomeController#index (for 192.168.1.114 at 2010-05-19 17:26:55) [GET]
Rendering template within layouts/user
Rendering home/index
Completed in 47ms (View: 15, DB: 32) | 200 OK [http://192.168.1.131/home]


Processing SpecController#index (for 192.168.1.114 at 2010-05-19 17:28:25) [GET]
  Parameters: {"class"=>"a"}
Rendering template within layouts/application
Rendering spec/index
Completed in 47ms (View: 32, DB: 15) | 200 OK [http://192.168.1.131/spec?class=a]


Processing PhotoController#delete (for 192.168.1.114 at 2010-05-19 17:28:27) [GET]
Redirected to http://192.168.1.131:3000/home
Completed in 31ms (DB: 31) | 302 Found [http://192.168.1.131/photo/delete]


Processing HomeController#index (for 192.168.1.114 at 2010-05-19 17:28:27) [GET]
[paperclip] Saving attachments.
Rendering template within layouts/user
Rendering home/index
Completed in 125ms (View: 78, DB: 32) | 200 OK [http://192.168.1.131/home]


Processing SpecController#index (for 192.168.1.114 at 2010-05-19 17:28:30) [GET]
  Parameters: {"class"=>"a"}
Rendering template within layouts/application
Rendering spec/index
Completed in 93ms (View: 31, DB: 15) | 200 OK [http://192.168.1.131/spec?class=a]


Processing PhotoController#upload (for 192.168.1.114 at 2010-05-19 17:28:32) [GET]
Rendering template within layouts/application
Rendering photo/upload
Completed in 16ms (View: 16, DB: 0) | 200 OK [http://192.168.1.131/photo/upload]


Processing PhotoController#upload (for 192.168.1.114 at 2010-05-19 17:28:40) [POST]
  Parameters: {"photo"=>{"photo"=>#<File:C:/DOCUME~1/User/LOCALS~1/Temp/RackMultipart.1560.0>}, "commit"=>"Submit", "authenticity_token"=>"BH0Hxp1l67OzlCRLXZ2LxMiDmbvT0j4wv5/hjAP7xTQ="}
[paperclip] Saving attachments.
[paperclip] saving C:/Documents and Settings/User/business/public/system/photos/3/small/Ajay_Devgan_300.jpg
[paperclip] saving C:/Documents and Settings/User/business/public/system/photos/3/large/Ajay_Devgan_300.jpg
[paperclip] saving C:/Documents and Settings/User/business/public/system/photos/3/original/Ajay_Devgan_300.jpg
Rendering template within layouts/application
Rendering photo/crop
Completed in 1532ms (View: 454, DB: 15) | 200 OK [http://192.168.1.131/photo/upload]


Processing PhotoController#upload (for 192.168.1.114 at 2010-05-19 17:28:49) [POST]
  Parameters: {"photo"=>{"crop_h"=>"300", "crop_w"=>"300", "crop_x"=>"0", "crop_y"=>"0"}, "commit"=>"Crop", "authenticity_token"=>"BH0Hxp1l67OzlCRLXZ2LxMiDmbvT0j4wv5/hjAP7xTQ="}
[paperclip] An error was received while processing: #<Paperclip::PaperclipError: There was an error processing the thumbnail for paperclip-reprocess,1560,1>
[paperclip] An error was received while processing: #<Paperclip::PaperclipError: There was an error processing the thumbnail for paperclip-reprocess,1560,1>
[paperclip] Saving attachments.
Redirected to http://192.168.1.131:3000/home
Completed in 984ms (DB: 0) | 302 Found [http://192.168.1.131/photo/upload]


Processing HomeController#index (for 192.168.1.114 at 2010-05-19 17:28:50) [GET]
Rendering template within layouts/user
Rendering home/index
Completed in 47ms (View: 32, DB: 0) | 200 OK [http://192.168.1.131/home]


Processing SpecController#index (for 192.168.1.114 at 2010-05-19 17:29:02) [GET]
  Parameters: {"class"=>"a"}
Rendering template within layouts/application
Rendering spec/index
Completed in 47ms (View: 15, DB: 32) | 200 OK [http://192.168.1.131/spec?class=a]


Processing PhotoController#upload (for 192.168.1.114 at 2010-05-19 17:29:05) [GET]
Rendering template within layouts/application
Rendering photo/upload
Completed in 16ms (View: 16, DB: 0) | 200 OK [http://192.168.1.131/photo/upload]


Processing PhotoController#upload (for 192.168.1.114 at 2010-05-19 17:29:10) [POST]
  Parameters: {"photo"=>{"photo"=>#<File:C:/DOCUME~1/User/LOCALS~1/Temp/RackMultipart.1560.1>}, "commit"=>"Submit", "authenticity_token"=>"BH0Hxp1l67OzlCRLXZ2LxMiDmbvT0j4wv5/hjAP7xTQ="}
[paperclip] Saving attachments.
[paperclip] deleting C:/Documents and Settings/User/business/public/system/photos/3/original/Ajay_Devgan_300.jpg
[paperclip] deleting C:/Documents and Settings/User/business/public/system/photos/3/small/Ajay_Devgan_300.jpg
[paperclip] deleting C:/Documents and Settings/User/business/public/system/photos/3/large/Ajay_Devgan_300.jpg
[paperclip] saving C:/Documents and Settings/User/business/public/system/photos/3/small/Ajay_Devgan_300.jpg
[paperclip] saving C:/Documents and Settings/User/business/public/system/photos/3/large/Ajay_Devgan_300.jpg
[paperclip] saving C:/Documents and Settings/User/business/public/system/photos/3/original/Ajay_Devgan_300.jpg
Rendering template within layouts/application
Rendering photo/crop
Completed in 1563ms (View: 454, DB: 15) | 200 OK [http://192.168.1.131/photo/upload]


Processing PhotoController#upload (for 192.168.1.114 at 2010-05-19 17:29:24) [POST]
  Parameters: {"photo"=>{"photo"=>#<File:C:/DOCUME~1/User/LOCALS~1/Temp/RackMultipart.1560.2>}, "commit"=>"Submit", "authenticity_token"=>"BH0Hxp1l67OzlCRLXZ2LxMiDmbvT0j4wv5/hjAP7xTQ="}
[paperclip] Saving attachments.
[paperclip] deleting C:/Documents and Settings/User/business/public/system/photos/3/original/Ajay_Devgan_300.jpg
[paperclip] deleting C:/Documents and Settings/User/business/public/system/photos/3/small/Ajay_Devgan_300.jpg
[paperclip] deleting C:/Documents and Settings/User/business/public/system/photos/3/large/Ajay_Devgan_300.jpg
[paperclip] saving C:/Documents and Settings/User/business/public/system/photos/3/small/Ajay_Devgan_300.jpg
[paperclip] saving C:/Documents and Settings/User/business/public/system/photos/3/large/Ajay_Devgan_300.jpg
[paperclip] saving C:/Documents and Settings/User/business/public/system/photos/3/original/Ajay_Devgan_300.jpg
Rendering template within layouts/application
Rendering photo/crop
Completed in 1515ms (View: 453, DB: 31) | 200 OK [http://192.168.1.131/photo/upload]


Processing PhotoController#upload (for 192.168.1.114 at 2010-05-19 17:29:36) [POST]
  Parameters: {"photo"=>{"crop_h"=>"215", "crop_w"=>"215", "crop_x"=>"43", "crop_y"=>"0"}, "commit"=>"Crop", "authenticity_token"=>"BH0Hxp1l67OzlCRLXZ2LxMiDmbvT0j4wv5/hjAP7xTQ="}
[paperclip] An error was received while processing: #<Paperclip::PaperclipError: There was an error processing the thumbnail for paperclip-reprocess,1560,2>
[paperclip] An error was received while processing: #<Paperclip::PaperclipError: There was an error processing the thumbnail for paperclip-reprocess,1560,2>
[paperclip] Saving attachments.
Redirected to http://192.168.1.131:3000/home
Completed in 907ms (DB: 0) | 302 Found [http://192.168.1.131/photo/upload]


Processing HomeController#index (for 192.168.1.114 at 2010-05-19 17:29:37) [GET]
Rendering template within layouts/user
Rendering home/index
Completed in 63ms (View: 16, DB: 16) | 200 OK [http://192.168.1.131/home]


Processing AccountController#logout (for 192.168.1.114 at 2010-05-19 17:30:05) [GET]
Redirected to http://192.168.1.131:3000/
Completed in 32ms (DB: 32) | 302 Found [http://192.168.1.131/account/logout]


Processing AccountController#signup (for 192.168.1.114 at 2010-05-19 17:30:05) [GET]
Rendering template within layouts/login
Rendering account/signup
Completed in 16ms (View: 16, DB: 0) | 200 OK [http://192.168.1.131/]


Processing AccountController#signup (for 192.168.1.131 at 2010-05-19 17:30:23) [GET]
Rendering template within layouts/login
Rendering account/signup
Completed in 16ms (View: 16, DB: 0) | 200 OK [http://192.168.1.131/]


Processing AccountController#login (for 192.168.1.131 at 2010-05-19 17:30:25) [GET]
Rendering template within layouts/login
Rendering account/login
Completed in 16ms (View: 16, DB: 0) | 200 OK [http://192.168.1.131/account/login]


Processing AccountController#login (for 192.168.1.131 at 2010-05-19 17:30:31) [POST]
  Parameters: {"commit"=>"Log in", "authenticity_token"=>"JgzBWdIB9pBoI9psEnSCldotvu3Ex5o3dx5EIikz6BI=", "login"=>"hitendra", "password"=>"fortune"}
Redirected to http://192.168.1.131:3000/home
Completed in 47ms (DB: 16) | 302 Found [http://192.168.1.131/account/login]


Processing HomeController#index (for 192.168.1.131 at 2010-05-19 17:30:31) [GET]
Rendering template within layouts/user
Rendering home/index
Completed in 47ms (View: 16, DB: 0) | 200 OK [http://192.168.1.131/home]


Processing SpecController#index (for 192.168.1.131 at 2010-05-19 17:30:33) [GET]
Rendering template within layouts/application
Rendering spec/index
Completed in 47ms (View: 31, DB: 16) | 200 OK [http://192.168.1.131/spec]


Processing PhotoController#upload (for 192.168.1.131 at 2010-05-19 17:30:35) [GET]
Rendering template within layouts/application
Rendering photo/upload
Completed in 31ms (View: 16, DB: 15) | 200 OK [http://192.168.1.131/photo/upload]


Processing PhotoController#upload (for 192.168.1.131 at 2010-05-19 17:30:52) [POST]
  Parameters: {"photo"=>{"photo"=>#<File:C:/DOCUME~1/User/LOCALS~1/Temp/RackMultipart.1560.0>}, "commit"=>"Submit", "authenticity_token"=>"JgzBWdIB9pBoI9psEnSCldotvu3Ex5o3dx5EIikz6BI="}
[paperclip] Saving attachments.
[paperclip] saving C:/Documents and Settings/User/business/public/system/photos/1/small/Image0214.jpg
[paperclip] saving C:/Documents and Settings/User/business/public/system/photos/1/large/Image0214.jpg
[paperclip] saving C:/Documents and Settings/User/business/public/system/photos/1/original/Image0214.jpg
Rendering template within layouts/application
Rendering photo/crop
Completed in 2031ms (View: 454, DB: 46) | 200 OK [http://192.168.1.131/photo/upload]


Processing PhotoController#upload (for 192.168.1.131 at 2010-05-19 17:31:01) [POST]
  Parameters: {"photo"=>{"crop_h"=>"1200", "crop_w"=>"1200", "crop_x"=>"0", "crop_y"=>"275"}, "commit"=>"Crop", "authenticity_token"=>"JgzBWdIB9pBoI9psEnSCldotvu3Ex5o3dx5EIikz6BI="}
[paperclip] An error was received while processing: #<Paperclip::PaperclipError: There was an error processing the thumbnail for paperclip-reprocess,1560,3>
[paperclip] An error was received while processing: #<Paperclip::PaperclipError: There was an error processing the thumbnail for paperclip-reprocess,1560,3>
[paperclip] Saving attachments.
Redirected to http://192.168.1.131:3000/home
Completed in 1125ms (DB: 0) | 302 Found [http://192.168.1.131/photo/upload]


Processing HomeController#index (for 192.168.1.131 at 2010-05-19 17:31:02) [GET]
Rendering template within layouts/user
Rendering home/index
Completed in 47ms (View: 16, DB: 15) | 200 OK [http://192.168.1.131/home]


Processing SoundsController#index (for 192.168.1.131 at 2010-05-19 17:32:00) [GET]
Rendering template within layouts/home
Rendering sounds/index
Completed in 63ms (View: 32, DB: 15) | 200 OK [http://192.168.1.131/sounds/]


Processing SoundsController#new (for 192.168.1.131 at 2010-05-19 17:32:01) [GET]
Rendering template within layouts/home
Rendering sounds/new
Completed in 46ms (View: 31, DB: 15) | 200 OK [http://192.168.1.131/sounds/new]


Processing SoundsController#create (for 192.168.1.131 at 2010-05-19 17:33:14) [POST]
  Parameters: {"commit"=>"Create", "authenticity_token"=>"JgzBWdIB9pBoI9psEnSCldotvu3Ex5o3dx5EIikz6BI=", "sound"=>{"audio"=>#<File:C:/DOCUME~1/User/LOCALS~1/Temp/RackMultipart.1560.1>, "title"=>"bvcbvc", "description"=>"bvcbvcb", "user_id"=>""}}
[paperclip] Saving attachments.
[paperclip] saving C:/Documents and Settings/User/business/public/music/files/1/original/Beethoven_s_Symphony_No._9_Scherzo_.wma
Redirected to http://192.168.1.131:3000/sounds
Completed in 438ms (DB: 15) | 302 Found [http://192.168.1.131/sounds]


Processing SoundsController#index (for 192.168.1.131 at 2010-05-19 17:33:14) [GET]
Rendering template within layouts/home
Rendering sounds/index
Completed in 93ms (View: 31, DB: 62) | 200 OK [http://192.168.1.131/sounds]


Processing SoundsController#new (for 192.168.1.131 at 2010-05-19 17:33:20) [GET]
Rendering template within layouts/home
Rendering sounds/new
Completed in 79ms (View: 79, DB: 0) | 200 OK [http://192.168.1.131/sounds/new]


Processing SoundsController#create (for 192.168.1.131 at 2010-05-19 17:33:27) [POST]
  Parameters: {"commit"=>"Create", "authenticity_token"=>"JgzBWdIB9pBoI9psEnSCldotvu3Ex5o3dx5EIikz6BI=", "sound"=>{"audio"=>#<File:C:/DOCUME~1/User/LOCALS~1/Temp/RackMultipart.1560.0>, "title"=>"hgfhgf", "description"=>"hgfhgfh", "user_id"=>""}}
[paperclip] Saving attachments.
[paperclip] saving C:/Documents and Settings/User/business/public/music/files/2/original/New_Stories_Highway_Blues_.wma
Redirected to http://192.168.1.131:3000/sounds
Completed in 640ms (DB: 47) | 302 Found [http://192.168.1.131/sounds]


Processing SoundsController#index (for 192.168.1.131 at 2010-05-19 17:33:27) [GET]
Rendering template within layouts/home
Rendering sounds/index
Completed in 47ms (View: 31, DB: 0) | 200 OK [http://192.168.1.131/sounds]


Processing AlbumsController#index (for 192.168.1.131 at 2010-05-19 17:33:43) [GET]
Rendering template within layouts/home
Rendering albums/index
Completed in 94ms (View: 63, DB: 15) | 200 OK [http://192.168.1.131/albums/]


Processing AlbumsController#new (for 192.168.1.131 at 2010-05-19 17:33:46) [GET]
Rendering template within layouts/home
Rendering albums/new
Completed in 421ms (View: 421, DB: 0) | 200 OK [http://192.168.1.131/albums/new]


Processing AccountController#signup (for 127.0.0.1 at 2010-05-20 13:55:16) [GET]
Rendering template within layouts/login
Rendering account/signup
Completed in 906ms (View: 765, DB: 110) | 200 OK [http://localhost/]


Processing AccountController#login (for 127.0.0.1 at 2010-05-20 13:55:40) [GET]
Rendering template within layouts/login
Rendering account/login
Completed in 31ms (View: 31, DB: 0) | 200 OK [http://localhost/account/login]


Processing AccountController#login (for 127.0.0.1 at 2010-05-20 13:55:45) [POST]
  Parameters: {"commit"=>"Log in", "authenticity_token"=>"9fU240w0SK1IMkr1ygPoiLiXxJIWx6SaYdL8G0A5470=", "login"=>"hitendra", "password"=>"fortune"}
Redirected to http://localhost:3000/home
Completed in 141ms (DB: 125) | 302 Found [http://localhost/account/login]


Processing HomeController#index (for 127.0.0.1 at 2010-05-20 13:55:45) [GET]
Rendering template within layouts/user
Rendering home/index
Completed in 719ms (View: 344, DB: 313) | 200 OK [http://localhost/home]


Processing AlbumsController#index (for 127.0.0.1 at 2010-05-20 13:55:50) [GET]
  Parameters: {"class"=>"a"}
Rendering template within layouts/home
Rendering albums/index
Completed in 63ms (View: 31, DB: 16) | 200 OK [http://localhost/albums?class=a]


Processing AlbumsController#new (for 127.0.0.1 at 2010-05-20 13:55:51) [GET]
Rendering template within layouts/home
Rendering albums/new
Completed in 125ms (View: 63, DB: 62) | 200 OK [http://localhost/albums/new]


Processing AlbumsController#create (for 127.0.0.1 at 2010-05-20 13:56:19) [POST]
  Parameters: {"commit"=>"Create", "authenticity_token"=>"9fU240w0SK1IMkr1ygPoiLiXxJIWx6SaYdL8G0A5470=", "album"=>{"name"=>"hghgf", "shared"=>"1", "picture_attributes"=>[{"picture"=>#<File:C:/DOCUME~1/User/LOCALS~1/Temp/RackMultipart.3196.0>}, {"picture"=>#<File:C:/DOCUME~1/User/LOCALS~1/Temp/RackMultipart.3196.1>}, {"picture"=>#<File:C:/DOCUME~1/User/LOCALS~1/Temp/RackMultipart.3196.2>}], "description"=>"hgfhgf"}}
[paperclip] Saving attachments.
[paperclip] saving C:/Documents and Settings/User/business/public/Album/pictures/1/thumb/album.jpg
[paperclip] saving C:/Documents and Settings/User/business/public/Album/pictures/1/original/album.jpg
[paperclip] saving C:/Documents and Settings/User/business/public/Album/pictures/1/large/album.jpg
[paperclip] Saving attachments.
[paperclip] saving C:/Documents and Settings/User/business/public/Album/pictures/2/thumb/Image0214.jpg
[paperclip] saving C:/Documents and Settings/User/business/public/Album/pictures/2/original/Image0214.jpg
[paperclip] saving C:/Documents and Settings/User/business/public/Album/pictures/2/large/Image0214.jpg
[paperclip] Saving attachments.
[paperclip] saving C:/Documents and Settings/User/business/public/Album/pictures/3/thumb/Image0214.jpg
[paperclip] saving C:/Documents and Settings/User/business/public/Album/pictures/3/original/Image0214.jpg
[paperclip] saving C:/Documents and Settings/User/business/public/Album/pictures/3/large/Image0214.jpg
Redirected to http://localhost:3000/albums/1
Completed in 5688ms (DB: 46) | 302 Found [http://localhost/albums]


Processing AlbumsController#show (for 127.0.0.1 at 2010-05-20 13:56:24) [GET]
  Parameters: {"id"=>"1"}
Rendering template within layouts/home
Rendering albums/show
Completed in 47ms (View: 47, DB: 0) | 200 OK [http://localhost/albums/1]


Processing ApplicationController#index (for 127.0.0.1 at 2010-05-20 13:56:25) [GET]

ActionController::RoutingError (No route matches "/javascripts/slider.js" with {:method=>:get}):
  

Rendering rescues/layout (not_found)


Processing ApplicationController#index (for 127.0.0.1 at 2010-05-20 13:56:25) [GET]

ActionController::RoutingError (No route matches "/javascripts/sound.js" with {:method=>:get}):
  

Rendering rescues/layout (not_found)


Processing ApplicationController#index (for 127.0.0.1 at 2010-05-20 13:56:25) [GET]

ActionController::RoutingError (No route matches "/images/zzoop.gif" with {:method=>:get}):
  

Rendering rescues/layout (not_found)


Processing ApplicationController#index (for 127.0.0.1 at 2010-05-20 13:57:01) [GET]

ActionController::RoutingError (No route matches "/videos/" with {:method=>:get}):
  

Rendering rescues/layout (not_found)


Processing ApplicationController#index (for 127.0.0.1 at 2010-05-20 13:57:04) [GET]

ActionController::RoutingError (No route matches "/images/zzoop.gif" with {:method=>:get}):
  

Rendering rescues/layout (not_found)


Processing ApplicationController#index (for 127.0.0.1 at 2010-05-20 13:57:05) [GET]

ActionController::RoutingError (No route matches "/share_videos/" with {:method=>:get}):
  

Rendering rescues/layout (not_found)


Processing ApplicationController#index (for 127.0.0.1 at 2010-05-20 13:57:07) [GET]

ActionController::RoutingError (No route matches "/images/zzoop.gif" with {:method=>:get}):
  

Rendering rescues/layout (not_found)


Processing ApplicationController#new (for 127.0.0.1 at 2010-05-20 13:57:09) [GET]

NameError (uninitialized constant BillingInfosController):
  

Rendering rescues/layout (internal_server_error)


Processing ApplicationController#index (for 127.0.0.1 at 2010-05-20 13:57:11) [GET]

ActionController::RoutingError (No route matches "/images/zzoop.gif" with {:method=>:get}):
  

Rendering rescues/layout (not_found)


Processing JobsController#index (for 127.0.0.1 at 2010-05-20 13:57:13) [GET]
Rendering template within layouts/application
Rendering jobs/index
Completed in 312ms (View: 218, DB: 94) | 200 OK [http://localhost/jobs/]


Processing ApplicationController#index (for 127.0.0.1 at 2010-05-20 13:57:16) [GET]

ActionController::RoutingError (No route matches "/images/zzoop.gif" with {:method=>:get}):
  

Rendering rescues/layout (not_found)


Processing MessagesController#index (for 127.0.0.1 at 2010-05-20 13:57:27) [GET]
Rendering template within layouts/home
Rendering messages/index
Completed in 62ms (View: 15, DB: 32) | 200 OK [http://localhost/messages]


Processing MessagesController#inbox (for 127.0.0.1 at 2010-05-20 13:57:29) [GET]
  Parameters: {"id"=>"6"}
Rendering template within layouts/home
Rendering messages/inbox
Completed in 47ms (View: 31, DB: 0) | 200 OK [http://localhost/messages/inbox/6]


Processing MessagesController#sentbox (for 127.0.0.1 at 2010-05-20 13:57:31) [GET]
  Parameters: {"id"=>"6"}
Rendering template within layouts/home
Rendering messages/sentbox
Completed in 31ms (View: 31, DB: 0) | 200 OK [http://localhost/messages/sentbox/6]


Processing MessagesController#new (for 127.0.0.1 at 2010-05-20 13:57:33) [GET]
Rendering template within layouts/home
Rendering messages/new
Completed in 31ms (View: 31, DB: 0) | 200 OK [http://localhost/messages/new]


Processing MessagesController#create (for 127.0.0.1 at 2010-05-20 13:57:37) [POST]
  Parameters: {"message"=>{"message"=>"fdsfds", "subject"=>"fdsfds", "receiver"=>"dfdsfds"}, "commit"=>"Create", "authenticity_token"=>"9fU240w0SK1IMkr1ygPoiLiXxJIWx6SaYdL8G0A5470="}
Redirected to http://localhost:3000/messages/new
Completed in 16ms (DB: 16) | 302 Found [http://localhost/messages]


Processing MessagesController#new (for 127.0.0.1 at 2010-05-20 13:57:37) [GET]
Rendering template within layouts/home
Rendering messages/new
Completed in 15ms (View: 15, DB: 0) | 200 OK [http://localhost/messages/new]


Processing MessagesController#create (for 127.0.0.1 at 2010-05-20 13:57:47) [POST]
  Parameters: {"message"=>{"message"=>"dfdsfdsfds", "subject"=>"fefdf", "receiver"=>"ravi"}, "commit"=>"Create", "authenticity_token"=>"9fU240w0SK1IMkr1ygPoiLiXxJIWx6SaYdL8G0A5470="}
Redirected to http://localhost:3000/messages/1
Completed in 46ms (DB: 46) | 302 Found [http://localhost/messages]


Processing MessagesController#show (for 127.0.0.1 at 2010-05-20 13:57:47) [GET]
  Parameters: {"id"=>"1"}
Rendering template within layouts/home
Rendering messages/show
Completed in 16ms (View: 0, DB: 16) | 200 OK [http://localhost/messages/1]


Processing MessagesController#index (for 127.0.0.1 at 2010-05-20 13:57:49) [GET]
Rendering template within layouts/home
Rendering messages/index
Completed in 16ms (View: 16, DB: 0) | 200 OK [http://localhost/messages]


Processing MessagesController#inbox (for 127.0.0.1 at 2010-05-20 13:57:51) [GET]
  Parameters: {"id"=>"6"}
Rendering template within layouts/home
Rendering messages/inbox
Completed in 31ms (View: 15, DB: 0) | 200 OK [http://localhost/messages/inbox/6]


Processing MessagesController#sentbox (for 127.0.0.1 at 2010-05-20 13:57:52) [GET]
  Parameters: {"id"=>"6"}
Rendering template within layouts/home
Rendering messages/sentbox
Completed in 31ms (View: 15, DB: 16) | 200 OK [http://localhost/messages/sentbox/6]


Processing MessagesController#new (for 127.0.0.1 at 2010-05-20 13:57:56) [GET]
Rendering template within layouts/home
Rendering messages/new
Completed in 31ms (View: 15, DB: 0) | 200 OK [http://localhost/messages/new]


Processing PostsController#index (for 127.0.0.1 at 2010-05-20 13:58:27) [GET]
  Parameters: {"blog_id"=>"1"}
Rendering template within layouts/home
Rendering posts/index
Completed in 32ms (View: 16, DB: 0) | 200 OK [http://localhost/blogs/1/posts]


Processing PostsController#new (for 127.0.0.1 at 2010-05-20 13:58:28) [GET]
  Parameters: {"blog_id"=>"1"}
Rendering template within layouts/home
Rendering posts/new
Completed in 47ms (View: 31, DB: 0) | 200 OK [http://localhost/blogs/1/posts/new]


Processing PostsController#create (for 127.0.0.1 at 2010-05-20 13:58:31) [POST]
  Parameters: {"commit"=>"Create", "authenticity_token"=>"9fU240w0SK1IMkr1ygPoiLiXxJIWx6SaYdL8G0A5470=", "post"=>{"body"=>"adasdas", "title"=>"dsdad"}, "blog_id"=>"1"}
Redirected to http://localhost:3000/blogs/1/posts/1
Completed in 63ms (DB: 47) | 302 Found [http://localhost/blogs/1/posts]


Processing PostsController#show (for 127.0.0.1 at 2010-05-20 13:58:31) [GET]
  Parameters: {"id"=>"1", "blog_id"=>"1"}
Rendering template within layouts/home
Rendering posts/show
DEPRECATION WARNING: @post will no longer be implicitly assigned to post. (called from _run_rhtml_app47views47posts47_post46rhtml_locals_object_post at C:/Documents and Settings/User/business/app/views/posts/_post.rhtml:5)
DEPRECATION WARNING: @post will no longer be implicitly assigned to post. (called from _run_rhtml_app47views47posts47_post46rhtml_locals_object_post at C:/Documents and Settings/User/business/app/views/posts/_post.rhtml:8)
DEPRECATION WARNING: @post will no longer be implicitly assigned to post. (called from extract_options! at C:/Ruby/lib/ruby/gems/1.8/gems/activesupport-2.3.5/lib/active_support/core_ext/array/extract_options.rb:15)
DEPRECATION WARNING: @post will no longer be implicitly assigned to post. (called from build_expiry at C:/Ruby/lib/ruby/gems/1.8/gems/actionpack-2.3.5/lib/action_controller/routing/route_set.rb:340)
DEPRECATION WARNING: @post will no longer be implicitly assigned to post. (called from generated code (C:/Ruby/lib/ruby/gems/1.8/gems/actionpack-2.3.5/lib/action_controller/routing/route.rb:160)
DEPRECATION WARNING: @post will no longer be implicitly assigned to post. (called from _run_rhtml_app47views47posts47_post46rhtml_locals_object_post at C:/Documents and Settings/User/business/app/views/posts/_post.rhtml:9)
DEPRECATION WARNING: @post will no longer be implicitly assigned to post. (called from extract_options! at C:/Ruby/lib/ruby/gems/1.8/gems/activesupport-2.3.5/lib/active_support/core_ext/array/extract_options.rb:15)
DEPRECATION WARNING: @post will no longer be implicitly assigned to post. (called from build_expiry at C:/Ruby/lib/ruby/gems/1.8/gems/actionpack-2.3.5/lib/action_controller/routing/route_set.rb:340)
DEPRECATION WARNING: @post will no longer be implicitly assigned to post. (called from generated code (C:/Ruby/lib/ruby/gems/1.8/gems/actionpack-2.3.5/lib/action_controller/routing/route.rb:160)
DEPRECATION WARNING: @post will no longer be implicitly assigned to post. (called from _run_rhtml_app47views47posts47_post46rhtml_locals_object_post at C:/Documents and Settings/User/business/app/views/posts/_post.rhtml:10)
DEPRECATION WARNING: @post will no longer be implicitly assigned to post. (called from extract_options! at C:/Ruby/lib/ruby/gems/1.8/gems/activesupport-2.3.5/lib/active_support/core_ext/array/extract_options.rb:15)
DEPRECATION WARNING: @post will no longer be implicitly assigned to post. (called from build_expiry at C:/Ruby/lib/ruby/gems/1.8/gems/actionpack-2.3.5/lib/action_controller/routing/route_set.rb:340)
DEPRECATION WARNING: @post will no longer be implicitly assigned to post. (called from generated code (C:/Ruby/lib/ruby/gems/1.8/gems/actionpack-2.3.5/lib/action_controller/routing/route.rb:160)
DEPRECATION WARNING: @post will no longer be implicitly assigned to post. (called from _run_rhtml_app47views47posts47_post46rhtml_locals_object_post at C:/Documents and Settings/User/business/app/views/posts/_post.rhtml:15)
DEPRECATION WARNING: @post will no longer be implicitly assigned to post. (called from _run_rhtml_app47views47posts47_post46rhtml_locals_object_post at C:/Documents and Settings/User/business/app/views/posts/_post.rhtml:17)
DEPRECATION WARNING: @post will no longer be implicitly assigned to post. (called from _run_rhtml_app47views47posts47_post46rhtml_locals_object_post at C:/Documents and Settings/User/business/app/views/posts/_post.rhtml:18)
DEPRECATION WARNING: @post will no longer be implicitly assigned to post. (called from _run_rhtml_app47views47posts47_post46rhtml_locals_object_post at C:/Documents and Settings/User/business/app/views/posts/_post.rhtml:18)
DEPRECATION WARNING: @post will no longer be implicitly assigned to post. (called from _run_rhtml_app47views47posts47_post46rhtml_locals_object_post at C:/Documents and Settings/User/business/app/views/posts/_post.rhtml:23)
DEPRECATION WARNING: @post will no longer be implicitly assigned to post. (called from _run_rhtml_app47views47posts47_post46rhtml_locals_object_post at C:/Documents and Settings/User/business/app/views/posts/_post.rhtml:24)
DEPRECATION WARNING: @post will no longer be implicitly assigned to post. (called from _run_rhtml_app47views47posts47_post46rhtml_locals_object_post at C:/Documents and Settings/User/business/app/views/posts/_post.rhtml:28)
DEPRECATION WARNING: @post will no longer be implicitly assigned to post. (called from _run_rhtml_app47views47posts47_post46rhtml_locals_object_post at C:/Documents and Settings/User/business/app/views/posts/_post.rhtml:30)
DEPRECATION WARNING: @post will no longer be implicitly assigned to post. (called from new_blog_post_comment_path at (eval):3)
DEPRECATION WARNING: @post will no longer be implicitly assigned to post. (called from _run_rhtml_app47views47posts47_post46rhtml_locals_object_post at C:/Documents and Settings/User/business/app/views/posts/_post.rhtml:32)
DEPRECATION WARNING: @post will no longer be implicitly assigned to post. (called from new_blog_post_comment_path at (eval):3)
DEPRECATION WARNING: @post will no longer be implicitly assigned to post. (called from _run_rhtml_app47views47posts47_post46rhtml_locals_object_post at C:/Documents and Settings/User/business/app/views/posts/_post.rhtml:35)
Completed in 157ms (View: 94, DB: 47) | 200 OK [http://localhost/blogs/1/posts/1]


Processing CommentsController#new (for 127.0.0.1 at 2010-05-20 13:58:33) [GET]
  Parameters: {"post_id"=>"1", "authenticity_token"=>"9fU240w0SK1IMkr1ygPoiLiXxJIWx6SaYdL8G0A5470=", "blog_id"=>"1"}
Rendering comments/new
Completed in 31ms (View: 16, DB: 15) | 200 OK [http://localhost/blogs/1/posts/1/comments/new?authenticity_token=9fU240w0SK1IMkr1ygPoiLiXxJIWx6SaYdL8G0A5470%3D]


Processing CommentsController#create (for 127.0.0.1 at 2010-05-20 13:58:35) [POST]
  Parameters: {"commit"=>"Create", "post_id"=>"1", "authenticity_token"=>"9fU240w0SK1IMkr1ygPoiLiXxJIWx6SaYdL8G0A5470=", "blog_id"=>"1", "comment"=>{"body"=>"dsdasdasd"}}
Rendering comments/create
Completed in 62ms (View: 31, DB: 31) | 200 OK [http://localhost/blogs/1/posts/1/comments]


Processing CommentsController#new (for 127.0.0.1 at 2010-05-20 13:58:37) [GET]
  Parameters: {"post_id"=>"1", "authenticity_token"=>"9fU240w0SK1IMkr1ygPoiLiXxJIWx6SaYdL8G0A5470=", "blog_id"=>"1"}
Rendering comments/new
Completed in 16ms (View: 16, DB: 0) | 200 OK [http://localhost/blogs/1/posts/1/comments/new?authenticity_token=9fU240w0SK1IMkr1ygPoiLiXxJIWx6SaYdL8G0A5470%3D]


Processing CommentsController#create (for 127.0.0.1 at 2010-05-20 13:58:39) [POST]
  Parameters: {"commit"=>"Create", "post_id"=>"1", "authenticity_token"=>"9fU240w0SK1IMkr1ygPoiLiXxJIWx6SaYdL8G0A5470=", "blog_id"=>"1", "comment"=>{"body"=>"dsdasdas"}}
Rendering comments/create
Completed in 78ms (View: 31, DB: 31) | 200 OK [http://localhost/blogs/1/posts/1/comments]


Processing SpecController#index (for 127.0.0.1 at 2010-05-20 13:58:46) [GET]
  Parameters: {"class"=>"a"}
Rendering template within layouts/application
Rendering spec/index
Completed in 94ms (View: 63, DB: 0) | 200 OK [http://localhost/spec?class=a]


Processing PhotoController#upload (for 127.0.0.1 at 2010-05-20 13:59:27) [GET]
Rendering template within layouts/application
Rendering photo/upload
Completed in 31ms (View: 16, DB: 0) | 200 OK [http://localhost/photo/upload]


Processing PhotoController#upload (for 127.0.0.1 at 2010-05-20 13:59:33) [GET]
Rendering template within layouts/application
Rendering photo/upload
Completed in 16ms (View: 16, DB: 0) | 200 OK [http://localhost/photo/upload]


Processing SpecController#edit (for 127.0.0.1 at 2010-05-20 14:09:34) [GET]
Rendering template within layouts/application
Rendering spec/edit
Completed in 109ms (View: 94, DB: 0) | 200 OK [http://localhost/edit]


Processing SpecController#edit (for 127.0.0.1 at 2010-05-20 14:13:00) [GET]
Rendering template within layouts/application
Rendering spec/edit
Completed in 94ms (View: 78, DB: 16) | 200 OK [http://localhost/edit]


Processing SpecController#edit (for 127.0.0.1 at 2010-05-20 14:13:03) [GET]
Rendering template within layouts/application
Rendering spec/edit
Completed in 78ms (View: 47, DB: 16) | 200 OK [http://localhost/edit]


Processing SpecController#edit (for 127.0.0.1 at 2010-05-20 14:14:53) [GET]
Rendering template within layouts/application
Rendering spec/edit
Completed in 266ms (View: 250, DB: 0) | 200 OK [http://localhost/edit]


Processing SpecController#edit (for 127.0.0.1 at 2010-05-20 14:17:04) [GET]
Rendering template within layouts/application
Rendering spec/edit
Completed in 78ms (View: 62, DB: 16) | 200 OK [http://localhost/edit]


Processing SpecController#edit (for 127.0.0.1 at 2010-05-20 14:17:05) [GET]
Rendering template within layouts/application
Rendering spec/edit
Completed in 62ms (View: 62, DB: 0) | 200 OK [http://localhost/edit]


Processing CompanyController#edit (for 127.0.0.1 at 2010-05-20 14:18:32) [GET]
Rendering template within layouts/application
Rendering company/edit
Completed in 63ms (View: 47, DB: 0) | 200 OK [http://localhost/company/edit]


Processing SpecController#index (for 127.0.0.1 at 2010-05-20 14:20:01) [GET]
  Parameters: {"class"=>"a"}
Rendering template within layouts/application
Rendering spec/index
Completed in 47ms (View: 15, DB: 16) | 200 OK [http://localhost/spec?class=a]


Processing SpecController#index (for 127.0.0.1 at 2010-05-20 14:20:02) [GET]
  Parameters: {"class"=>"a"}
Rendering template within layouts/application
Rendering spec/index
Completed in 47ms (View: 31, DB: 0) | 200 OK [http://localhost/spec?class=a]


Processing SpecController#index (for 127.0.0.1 at 2010-05-20 14:25:34) [GET]
  Parameters: {"class"=>"a"}
Rendering template within layouts/application
Rendering spec/index
Completed in 62ms (View: 31, DB: 16) | 200 OK [http://localhost/spec?class=a]


Processing AccountController#signup (for 127.0.0.1 at 2010-05-25 11:32:04) [GET]
Rendering template within layouts/login
Rendering account/signup
Completed in 641ms (View: 484, DB: 235) | 200 OK [http://localhost/]


Processing AccountController#login (for 127.0.0.1 at 2010-05-25 11:32:08) [GET]
Rendering template within layouts/login
Rendering account/login
Completed in 31ms (View: 31, DB: 0) | 200 OK [http://localhost/account/login]


Processing AccountController#login (for 127.0.0.1 at 2010-05-25 11:32:15) [POST]
  Parameters: {"commit"=>"Log in", "authenticity_token"=>"BTu5cQ+kfAb4p88L3bfR2AEccrYoCM/5HnIWLs84l00=", "login"=>"hitendra", "password"=>"fortune"}
Redirected to http://localhost:3000/home
Completed in 141ms (DB: 110) | 302 Found [http://localhost/account/login]


Processing HomeController#index (for 127.0.0.1 at 2010-05-25 11:32:15) [GET]
Rendering template within layouts/user
Rendering home/index
Completed in 1000ms (View: 531, DB: 407) | 200 OK [http://localhost/home]


Processing PostsController#index (for 127.0.0.1 at 2010-05-25 11:32:24) [GET]
  Parameters: {"blog_id"=>"1"}
Rendering template within layouts/home
Rendering posts/index
Completed in 141ms (View: 109, DB: 0) | 200 OK [http://localhost/blogs/1/posts]


Processing AlbumsController#index (for 127.0.0.1 at 2010-05-25 11:32:29) [GET]
Rendering template within layouts/home
Rendering albums/index
Completed in 125ms (View: 32, DB: 93) | 200 OK [http://localhost/albums/]


Processing AlbumsController#show (for 127.0.0.1 at 2010-05-25 11:32:30) [GET]
  Parameters: {"pro"=>"1", "id"=>"1"}
Rendering template within layouts/home
Rendering albums/show
Completed in 62ms (View: 46, DB: 16) | 200 OK [http://localhost/albums/1?pro=1]


Processing ApplicationController#index (for 127.0.0.1 at 2010-05-25 11:32:31) [GET]

ActionController::RoutingError (No route matches "/javascripts/slider.js" with {:method=>:get}):
  

Rendering rescues/layout (not_found)


Processing ApplicationController#index (for 127.0.0.1 at 2010-05-25 11:32:31) [GET]

ActionController::RoutingError (No route matches "/javascripts/sound.js" with {:method=>:get}):
  

Rendering rescues/layout (not_found)


Processing ApplicationController#index (for 127.0.0.1 at 2010-05-25 11:32:31) [GET]

ActionController::RoutingError (No route matches "/images/zzoop.gif" with {:method=>:get}):
  

Rendering rescues/layout (not_found)


Processing ApplicationController#new (for 127.0.0.1 at 2010-05-25 11:32:56) [GET]

NameError (uninitialized constant BillingInfosController):
  

Rendering rescues/layout (internal_server_error)


Processing ApplicationController#index (for 127.0.0.1 at 2010-05-25 11:32:58) [GET]

ActionController::RoutingError (No route matches "/images/zzoop.gif" with {:method=>:get}):
  

Rendering rescues/layout (not_found)


Processing AlbumsController#edit (for 127.0.0.1 at 2010-05-25 11:33:00) [GET]
  Parameters: {"id"=>"1"}
Rendering template within layouts/home
Rendering albums/edit
Completed in 62ms (View: 47, DB: 0) | 200 OK [http://localhost/albums/1/edit]


Processing ApplicationController#index (for 127.0.0.1 at 2010-05-25 11:33:02) [GET]

ActionController::RoutingError (No route matches "/images/zzoop.gif" with {:method=>:get}):
  

Rendering rescues/layout (not_found)


Processing EmailerController#index (for 127.0.0.1 at 2010-05-25 11:33:15) [GET]
Rendering template within layouts/home
Rendering emailer/index
Completed in 47ms (View: 32, DB: 0) | 200 OK [http://localhost/emailer]


Processing ApplicationController#index (for 127.0.0.1 at 2010-05-25 11:33:18) [GET]

ActionController::RoutingError (No route matches "/images/zzoop.gif" with {:method=>:get}):
  

Rendering rescues/layout (not_found)


Processing HomeController#index (for 127.0.0.1 at 2010-05-25 11:45:59) [GET]
Rendering template within layouts/user
Rendering home/index
Completed in 125ms (View: 79, DB: 31) | 200 OK [http://localhost/home]


Processing CommentsController#new (for 127.0.0.1 at 2010-05-25 11:47:01) [GET]
  Parameters: {"post_id"=>"1", "authenticity_token"=>"BTu5cQ+kfAb4p88L3bfR2AEccrYoCM/5HnIWLs84l00=", "blog_id"=>"1"}
Rendering comments/new
Completed in 16ms (View: 16, DB: 0) | 200 OK [http://localhost/blogs/1/posts/1/comments/new?authenticity_token=BTu5cQ%2BkfAb4p88L3bfR2AEccrYoCM%2F5HnIWLs84l00%3D]


Processing CommentsController#new (for 127.0.0.1 at 2010-05-25 11:47:05) [GET]
  Parameters: {"post_id"=>"1", "authenticity_token"=>"BTu5cQ+kfAb4p88L3bfR2AEccrYoCM/5HnIWLs84l00=", "blog_id"=>"1"}
Rendering comments/new
Completed in 31ms (View: 16, DB: 0) | 200 OK [http://localhost/blogs/1/posts/1/comments/new?authenticity_token=BTu5cQ%2BkfAb4p88L3bfR2AEccrYoCM%2F5HnIWLs84l00%3D]


Processing HomeController#index (for 127.0.0.1 at 2010-05-25 11:49:25) [GET]
Rendering template within layouts/user
Rendering home/index
Completed in 94ms (View: 78, DB: 0) | 200 OK [http://localhost/home]


Processing HomeController#index (for 127.0.0.1 at 2010-05-25 11:50:30) [GET]
Rendering template within layouts/user
Rendering home/index
Completed in 109ms (View: 94, DB: 0) | 200 OK [http://localhost/home]


Processing BillingInfosController#new (for 127.0.0.1 at 2010-05-25 11:50:35) [GET]

NameError (uninitialized constant BillingInfosController::BillingInfo):
  app/controllers/billing_infos_controller.rb:13:in `new'

Rendering rescues/layout (internal_server_error)


Processing HomeController#index (for 127.0.0.1 at 2010-05-25 11:54:05) [GET]
Rendering template within layouts/user
Rendering home/index
Completed in 844ms (View: 735, DB: 63) | 200 OK [http://localhost/home]


Processing BillingInfosController#show (for 127.0.0.1 at 2010-05-25 11:54:09) [GET]
  Parameters: {"id"=>"show"}
Rendering template within layouts/application
Rendering billing_infos/show
Completed in 31ms (View: 31, DB: 0) | 200 OK [http://localhost/billing_infos/show]


Processing HomeController#index (for 127.0.0.1 at 2010-05-25 11:55:51) [GET]
Rendering template within layouts/user
Rendering home/index
Completed in 110ms (View: 78, DB: 32) | 200 OK [http://localhost/home]


Processing HomeController#index (for 127.0.0.1 at 2010-05-25 11:55:54) [GET]
Rendering template within layouts/user
Rendering home/index
Completed in 94ms (View: 47, DB: 32) | 200 OK [http://localhost/home]


Processing EmailerController#index (for 127.0.0.1 at 2010-05-25 11:55:56) [GET]
Rendering template within layouts/home
Rendering emailer/index
Completed in 78ms (View: 47, DB: 15) | 200 OK [http://localhost/emailer]


Processing HomeController#index (for 127.0.0.1 at 2010-05-25 11:56:01) [GET]
Rendering template within layouts/user
Rendering home/index
Completed in 109ms (View: 63, DB: 30) | 200 OK [http://localhost/home]


Processing HomeController#index (for 127.0.0.1 at 2010-05-25 11:59:26) [GET]
Rendering template within layouts/user
Rendering home/index
Completed in 93ms (View: 62, DB: 16) | 200 OK [http://localhost/home]


Processing HomeController#index (for 127.0.0.1 at 2010-05-25 11:59:29) [GET]
Rendering template within layouts/user
Rendering home/index
Completed in 94ms (View: 63, DB: 31) | 200 OK [http://localhost/home]


Processing HomeController#index (for 127.0.0.1 at 2010-05-25 11:59:31) [GET]
Rendering template within layouts/user
Rendering home/index
Completed in 125ms (View: 94, DB: 31) | 200 OK [http://localhost/home]


Processing HomeController#index (for 127.0.0.1 at 2010-05-25 12:00:04) [GET]
Rendering template within layouts/user
Rendering home/index
Completed in 109ms (View: 63, DB: 30) | 200 OK [http://localhost/home]


Processing HomeController#index (for 127.0.0.1 at 2010-05-25 12:00:06) [GET]
Rendering template within layouts/user
Rendering home/index
Completed in 94ms (View: 62, DB: 32) | 200 OK [http://localhost/home]


Processing HomeController#index (for 127.0.0.1 at 2010-05-25 12:00:34) [GET]
Rendering template within layouts/user
Rendering home/index
Completed in 94ms (View: 47, DB: 47) | 200 OK [http://localhost/home]


Processing HomeController#index (for 127.0.0.1 at 2010-05-25 12:01:20) [GET]
Rendering template within layouts/user
Rendering home/index
Completed in 94ms (View: 78, DB: 0) | 200 OK [http://localhost/home]


Processing HomeController#index (for 127.0.0.1 at 2010-05-25 12:01:25) [GET]
Rendering template within layouts/user
Rendering home/index
Completed in 109ms (View: 78, DB: 0) | 200 OK [http://localhost/home]


Processing AlbumsController#index (for 127.0.0.1 at 2010-05-25 12:01:29) [GET]
Rendering template within layouts/home
Rendering albums/index
Completed in 140ms (View: 78, DB: 47) | 200 OK [http://localhost/albums/]


Processing EmailerController#index (for 127.0.0.1 at 2010-05-25 12:01:41) [GET]
Rendering template within layouts/home
Rendering emailer/index
Completed in 31ms (View: 31, DB: 0) | 200 OK [http://localhost/emailer]


Processing HomeController#index (for 127.0.0.1 at 2010-05-25 12:32:56) [GET]
Rendering template within layouts/user
Rendering home/index
Completed in 328ms (View: 93, DB: 205) | 200 OK [http://localhost/home]


Processing CommentsController#new (for 127.0.0.1 at 2010-05-25 12:33:09) [GET]
  Parameters: {"post_id"=>"1", "authenticity_token"=>"BTu5cQ+kfAb4p88L3bfR2AEccrYoCM/5HnIWLs84l00=", "blog_id"=>"1"}
Rendering comments/new
Completed in 32ms (View: 16, DB: 0) | 200 OK [http://localhost/blogs/1/posts/1/comments/new?authenticity_token=BTu5cQ%2BkfAb4p88L3bfR2AEccrYoCM%2F5HnIWLs84l00%3D]


Processing CommentsController#create (for 127.0.0.1 at 2010-05-25 12:33:13) [POST]
  Parameters: {"commit"=>"Create", "post_id"=>"1", "authenticity_token"=>"BTu5cQ+kfAb4p88L3bfR2AEccrYoCM/5HnIWLs84l00=", "blog_id"=>"1", "comment"=>{"body"=>"hgfhgfhgfh"}}
Rendering comments/create
Completed in 172ms (View: 79, DB: 93) | 200 OK [http://localhost/blogs/1/posts/1/comments]


Processing CommentsController#destroy (for 127.0.0.1 at 2010-05-25 12:33:19) [DELETE]
  Parameters: {"post_id"=>"1", "authenticity_token"=>"BTu5cQ+kfAb4p88L3bfR2AEccrYoCM/5HnIWLs84l00=", "id"=>"3", "blog_id"=>"1"}
Rendering comments/destroy
Completed in 62ms (View: 0, DB: 47) | 200 OK [http://localhost/blogs/1/posts/1/comments/3]


Processing AlbumsController#index (for 127.0.0.1 at 2010-05-26 12:17:47) [GET]
Redirected to http://localhost:3000/account/login
Filter chain halted as [:login_required] rendered_or_redirected.
Completed in 62ms (DB: 47) | 302 Found [http://localhost/albums/]


Processing AccountController#login (for 127.0.0.1 at 2010-05-26 12:17:47) [GET]
Rendering template within layouts/login
Rendering account/login
Completed in 47ms (View: 32, DB: 0) | 200 OK [http://localhost/account/login]


Processing AccountController#login (for 127.0.0.1 at 2010-05-26 12:17:54) [POST]
  Parameters: {"commit"=>"Log in", "authenticity_token"=>"imITzZCsMpveXFrBAQUrk/j0GwwSBxFuCbhWy4EK3Ig=", "login"=>"hitendra", "password"=>"fortune"}
Redirected to http://localhost:3000/albums/
Completed in 94ms (DB: 78) | 302 Found [http://localhost/account/login]


Processing AlbumsController#index (for 127.0.0.1 at 2010-05-26 12:17:54) [GET]
Rendering template within layouts/home
Rendering albums/index
Completed in 672ms (View: 484, DB: 172) | 200 OK [http://localhost/albums/]


Processing MessagesController#index (for 127.0.0.1 at 2010-05-26 12:17:58) [GET]
Rendering template within layouts/home
Rendering messages/index
Completed in 62ms (View: 15, DB: 32) | 200 OK [http://localhost/messages]
/!\ FAILSAFE /!\  Wed May 26 15:51:41 +0530 2010
  Status: 500 Internal Server Error
  Unknown database 'business_production'
    C:/Ruby/lib/ruby/gems/1.8/gems/activerecord-2.3.8/lib/active_record/connection_adapters/mysql_adapter.rb:619:in `real_connect'
    C:/Ruby/lib/ruby/gems/1.8/gems/activerecord-2.3.8/lib/active_record/connection_adapters/mysql_adapter.rb:619:in `connect'
    C:/Ruby/lib/ruby/gems/1.8/gems/activerecord-2.3.8/lib/active_record/connection_adapters/mysql_adapter.rb:203:in `initialize'
    C:/Ruby/lib/ruby/gems/1.8/gems/activerecord-2.3.8/lib/active_record/connection_adapters/mysql_adapter.rb:75:in `new'
    C:/Ruby/lib/ruby/gems/1.8/gems/activerecord-2.3.8/lib/active_record/connection_adapters/mysql_adapter.rb:75:in `mysql_connection'
    C:/Ruby/lib/ruby/gems/1.8/gems/activerecord-2.3.8/lib/active_record/connection_adapters/abstract/connection_pool.rb:223:in `send'
    C:/Ruby/lib/ruby/gems/1.8/gems/activerecord-2.3.8/lib/active_record/connection_adapters/abstract/connection_pool.rb:223:in `new_connection'
    C:/Ruby/lib/ruby/gems/1.8/gems/activerecord-2.3.8/lib/active_record/connection_adapters/abstract/connection_pool.rb:245:in `checkout_new_connection'
    C:/Ruby/lib/ruby/gems/1.8/gems/activerecord-2.3.8/lib/active_record/connection_adapters/abstract/connection_pool.rb:188:in `checkout'
    C:/Ruby/lib/ruby/gems/1.8/gems/activerecord-2.3.8/lib/active_record/connection_adapters/abstract/connection_pool.rb:184:in `loop'
    C:/Ruby/lib/ruby/gems/1.8/gems/activerecord-2.3.8/lib/active_record/connection_adapters/abstract/connection_pool.rb:184:in `checkout'
    C:/Ruby/lib/ruby/1.8/monitor.rb:242:in `synchronize'
    C:/Ruby/lib/ruby/gems/1.8/gems/activerecord-2.3.8/lib/active_record/connection_adapters/abstract/connection_pool.rb:183:in `checkout'
    C:/Ruby/lib/ruby/gems/1.8/gems/activerecord-2.3.8/lib/active_record/connection_adapters/abstract/connection_pool.rb:98:in `connection'
    C:/Ruby/lib/ruby/gems/1.8/gems/activerecord-2.3.8/lib/active_record/connection_adapters/abstract/connection_pool.rb:326:in `retrieve_connection'
    C:/Ruby/lib/ruby/gems/1.8/gems/activerecord-2.3.8/lib/active_record/connection_adapters/abstract/connection_specification.rb:123:in `retrieve_connection'
    C:/Ruby/lib/ruby/gems/1.8/gems/activerecord-2.3.8/lib/active_record/connection_adapters/abstract/connection_specification.rb:115:in `connection'
    C:/Ruby/lib/ruby/gems/1.8/gems/activerecord-2.3.8/lib/active_record/query_cache.rb:9:in `cache'
    C:/Ruby/lib/ruby/gems/1.8/gems/activerecord-2.3.8/lib/active_record/query_cache.rb:28:in `call'
    C:/Ruby/lib/ruby/gems/1.8/gems/activerecord-2.3.8/lib/active_record/connection_adapters/abstract/connection_pool.rb:361:in `call'
    C:/Ruby/lib/ruby/gems/1.8/gems/actionpack-2.3.8/lib/action_controller/string_coercion.rb:25:in `call'
    C:/Ruby/lib/ruby/gems/1.8/gems/rack-1.1.0/lib/rack/head.rb:9:in `call'
    C:/Ruby/lib/ruby/gems/1.8/gems/rack-1.1.0/lib/rack/methodoverride.rb:24:in `call'
    C:/Ruby/lib/ruby/gems/1.8/gems/actionpack-2.3.8/lib/action_controller/params_parser.rb:15:in `call'
    C:/Ruby/lib/ruby/gems/1.8/gems/actionpack-2.3.8/lib/action_controller/session/cookie_store.rb:99:in `call'
    C:/Ruby/lib/ruby/gems/1.8/gems/actionpack-2.3.8/lib/action_controller/failsafe.rb:26:in `call'
    C:/Ruby/lib/ruby/gems/1.8/gems/rack-1.1.0/lib/rack/lock.rb:11:in `call'
    C:/Ruby/lib/ruby/gems/1.8/gems/rack-1.1.0/lib/rack/lock.rb:11:in `synchronize'
    C:/Ruby/lib/ruby/gems/1.8/gems/rack-1.1.0/lib/rack/lock.rb:11:in `call'
    C:/Ruby/lib/ruby/gems/1.8/gems/actionpack-2.3.8/lib/action_controller/dispatcher.rb:106:in `call'
    C:/Ruby/lib/ruby/gems/1.8/gems/rails-2.3.8/lib/rails/rack/static.rb:31:in `call'
    C:/Ruby/lib/ruby/gems/1.8/gems/rack-1.1.0/lib/rack/urlmap.rb:47:in `call'
    C:/Ruby/lib/ruby/gems/1.8/gems/rack-1.1.0/lib/rack/urlmap.rb:41:in `each'
    C:/Ruby/lib/ruby/gems/1.8/gems/rack-1.1.0/lib/rack/urlmap.rb:41:in `call'
    C:/Ruby/lib/ruby/gems/1.8/gems/rails-2.3.8/lib/rails/rack/log_tailer.rb:17:in `call'
    C:/Ruby/lib/ruby/gems/1.8/gems/rack-1.1.0/lib/rack/content_length.rb:13:in `call'
    C:/Ruby/lib/ruby/gems/1.8/gems/rack-1.1.0/lib/rack/handler/webrick.rb:48:in `service'
    C:/Ruby/lib/ruby/1.8/webrick/httpserver.rb:104:in `service'
    C:/Ruby/lib/ruby/1.8/webrick/httpserver.rb:65:in `run'
    C:/Ruby/lib/ruby/1.8/webrick/server.rb:173:in `start_thread'
    C:/Ruby/lib/ruby/1.8/webrick/server.rb:162:in `start'
    C:/Ruby/lib/ruby/1.8/webrick/server.rb:162:in `start_thread'
    C:/Ruby/lib/ruby/1.8/webrick/server.rb:95:in `start'
    C:/Ruby/lib/ruby/1.8/webrick/server.rb:92:in `each'
    C:/Ruby/lib/ruby/1.8/webrick/server.rb:92:in `start'
    C:/Ruby/lib/ruby/1.8/webrick/server.rb:23:in `start'
    C:/Ruby/lib/ruby/1.8/webrick/server.rb:82:in `start'
    C:/Ruby/lib/ruby/gems/1.8/gems/rack-1.1.0/lib/rack/handler/webrick.rb:14:in `run'
    C:/Ruby/lib/ruby/gems/1.8/gems/rails-2.3.8/lib/commands/server.rb:111
    C:/Ruby/lib/ruby/site_ruby/1.8/rubygems/custom_require.rb:31:in `gem_original_require'
    C:/Ruby/lib/ruby/site_ruby/1.8/rubygems/custom_require.rb:31:in `require'
    script/server:3
/!\ FAILSAFE /!\  Wed May 26 15:51:43 +0530 2010
  Status: 500 Internal Server Error
  Unknown database 'business_production'
    C:/Ruby/lib/ruby/gems/1.8/gems/activerecord-2.3.8/lib/active_record/connection_adapters/mysql_adapter.rb:619:in `real_connect'
    C:/Ruby/lib/ruby/gems/1.8/gems/activerecord-2.3.8/lib/active_record/connection_adapters/mysql_adapter.rb:619:in `connect'
    C:/Ruby/lib/ruby/gems/1.8/gems/activerecord-2.3.8/lib/active_record/connection_adapters/mysql_adapter.rb:203:in `initialize'
    C:/Ruby/lib/ruby/gems/1.8/gems/activerecord-2.3.8/lib/active_record/connection_adapters/mysql_adapter.rb:75:in `new'
    C:/Ruby/lib/ruby/gems/1.8/gems/activerecord-2.3.8/lib/active_record/connection_adapters/mysql_adapter.rb:75:in `mysql_connection'
    C:/Ruby/lib/ruby/gems/1.8/gems/activerecord-2.3.8/lib/active_record/connection_adapters/abstract/connection_pool.rb:223:in `send'
    C:/Ruby/lib/ruby/gems/1.8/gems/activerecord-2.3.8/lib/active_record/connection_adapters/abstract/connection_pool.rb:223:in `new_connection'
    C:/Ruby/lib/ruby/gems/1.8/gems/activerecord-2.3.8/lib/active_record/connection_adapters/abstract/connection_pool.rb:245:in `checkout_new_connection'
    C:/Ruby/lib/ruby/gems/1.8/gems/activerecord-2.3.8/lib/active_record/connection_adapters/abstract/connection_pool.rb:188:in `checkout'
    C:/Ruby/lib/ruby/gems/1.8/gems/activerecord-2.3.8/lib/active_record/connection_adapters/abstract/connection_pool.rb:184:in `loop'
    C:/Ruby/lib/ruby/gems/1.8/gems/activerecord-2.3.8/lib/active_record/connection_adapters/abstract/connection_pool.rb:184:in `checkout'
    C:/Ruby/lib/ruby/1.8/monitor.rb:242:in `synchronize'
    C:/Ruby/lib/ruby/gems/1.8/gems/activerecord-2.3.8/lib/active_record/connection_adapters/abstract/connection_pool.rb:183:in `checkout'
    C:/Ruby/lib/ruby/gems/1.8/gems/activerecord-2.3.8/lib/active_record/connection_adapters/abstract/connection_pool.rb:98:in `connection'
    C:/Ruby/lib/ruby/gems/1.8/gems/activerecord-2.3.8/lib/active_record/connection_adapters/abstract/connection_pool.rb:326:in `retrieve_connection'
    C:/Ruby/lib/ruby/gems/1.8/gems/activerecord-2.3.8/lib/active_record/connection_adapters/abstract/connection_specification.rb:123:in `retrieve_connection'
    C:/Ruby/lib/ruby/gems/1.8/gems/activerecord-2.3.8/lib/active_record/connection_adapters/abstract/connection_specification.rb:115:in `connection'
    C:/Ruby/lib/ruby/gems/1.8/gems/activerecord-2.3.8/lib/active_record/query_cache.rb:9:in `cache'
    C:/Ruby/lib/ruby/gems/1.8/gems/activerecord-2.3.8/lib/active_record/query_cache.rb:28:in `call'
    C:/Ruby/lib/ruby/gems/1.8/gems/activerecord-2.3.8/lib/active_record/connection_adapters/abstract/connection_pool.rb:361:in `call'
    C:/Ruby/lib/ruby/gems/1.8/gems/actionpack-2.3.8/lib/action_controller/string_coercion.rb:25:in `call'
    C:/Ruby/lib/ruby/gems/1.8/gems/rack-1.1.0/lib/rack/head.rb:9:in `call'
    C:/Ruby/lib/ruby/gems/1.8/gems/rack-1.1.0/lib/rack/methodoverride.rb:24:in `call'
    C:/Ruby/lib/ruby/gems/1.8/gems/actionpack-2.3.8/lib/action_controller/params_parser.rb:15:in `call'
    C:/Ruby/lib/ruby/gems/1.8/gems/actionpack-2.3.8/lib/action_controller/session/cookie_store.rb:99:in `call'
    C:/Ruby/lib/ruby/gems/1.8/gems/actionpack-2.3.8/lib/action_controller/failsafe.rb:26:in `call'
    C:/Ruby/lib/ruby/gems/1.8/gems/rack-1.1.0/lib/rack/lock.rb:11:in `call'
    C:/Ruby/lib/ruby/gems/1.8/gems/rack-1.1.0/lib/rack/lock.rb:11:in `synchronize'
    C:/Ruby/lib/ruby/gems/1.8/gems/rack-1.1.0/lib/rack/lock.rb:11:in `call'
    C:/Ruby/lib/ruby/gems/1.8/gems/actionpack-2.3.8/lib/action_controller/dispatcher.rb:106:in `call'
    C:/Ruby/lib/ruby/gems/1.8/gems/rails-2.3.8/lib/rails/rack/static.rb:31:in `call'
    C:/Ruby/lib/ruby/gems/1.8/gems/rack-1.1.0/lib/rack/urlmap.rb:47:in `call'
    C:/Ruby/lib/ruby/gems/1.8/gems/rack-1.1.0/lib/rack/urlmap.rb:41:in `each'
    C:/Ruby/lib/ruby/gems/1.8/gems/rack-1.1.0/lib/rack/urlmap.rb:41:in `call'
    C:/Ruby/lib/ruby/gems/1.8/gems/rails-2.3.8/lib/rails/rack/log_tailer.rb:17:in `call'
    C:/Ruby/lib/ruby/gems/1.8/gems/rack-1.1.0/lib/rack/content_length.rb:13:in `call'
    C:/Ruby/lib/ruby/gems/1.8/gems/rack-1.1.0/lib/rack/handler/webrick.rb:48:in `service'
    C:/Ruby/lib/ruby/1.8/webrick/httpserver.rb:104:in `service'
    C:/Ruby/lib/ruby/1.8/webrick/httpserver.rb:65:in `run'
    C:/Ruby/lib/ruby/1.8/webrick/server.rb:173:in `start_thread'
    C:/Ruby/lib/ruby/1.8/webrick/server.rb:162:in `start'
    C:/Ruby/lib/ruby/1.8/webrick/server.rb:162:in `start_thread'
    C:/Ruby/lib/ruby/1.8/webrick/server.rb:95:in `start'
    C:/Ruby/lib/ruby/1.8/webrick/server.rb:92:in `each'
    C:/Ruby/lib/ruby/1.8/webrick/server.rb:92:in `start'
    C:/Ruby/lib/ruby/1.8/webrick/server.rb:23:in `start'
    C:/Ruby/lib/ruby/1.8/webrick/server.rb:82:in `start'
    C:/Ruby/lib/ruby/gems/1.8/gems/rack-1.1.0/lib/rack/handler/webrick.rb:14:in `run'
    C:/Ruby/lib/ruby/gems/1.8/gems/rails-2.3.8/lib/commands/server.rb:111
    C:/Ruby/lib/ruby/site_ruby/1.8/rubygems/custom_require.rb:31:in `gem_original_require'
    C:/Ruby/lib/ruby/site_ruby/1.8/rubygems/custom_require.rb:31:in `require'
    script/server:3
/!\ FAILSAFE /!\  Wed May 26 15:51:51 +0530 2010
  Status: 500 Internal Server Error
  Unknown database 'business_production'
    C:/Ruby/lib/ruby/gems/1.8/gems/activerecord-2.3.8/lib/active_record/connection_adapters/mysql_adapter.rb:619:in `real_connect'
    C:/Ruby/lib/ruby/gems/1.8/gems/activerecord-2.3.8/lib/active_record/connection_adapters/mysql_adapter.rb:619:in `connect'
    C:/Ruby/lib/ruby/gems/1.8/gems/activerecord-2.3.8/lib/active_record/connection_adapters/mysql_adapter.rb:203:in `initialize'
    C:/Ruby/lib/ruby/gems/1.8/gems/activerecord-2.3.8/lib/active_record/connection_adapters/mysql_adapter.rb:75:in `new'
    C:/Ruby/lib/ruby/gems/1.8/gems/activerecord-2.3.8/lib/active_record/connection_adapters/mysql_adapter.rb:75:in `mysql_connection'
    C:/Ruby/lib/ruby/gems/1.8/gems/activerecord-2.3.8/lib/active_record/connection_adapters/abstract/connection_pool.rb:223:in `send'
    C:/Ruby/lib/ruby/gems/1.8/gems/activerecord-2.3.8/lib/active_record/connection_adapters/abstract/connection_pool.rb:223:in `new_connection'
    C:/Ruby/lib/ruby/gems/1.8/gems/activerecord-2.3.8/lib/active_record/connection_adapters/abstract/connection_pool.rb:245:in `checkout_new_connection'
    C:/Ruby/lib/ruby/gems/1.8/gems/activerecord-2.3.8/lib/active_record/connection_adapters/abstract/connection_pool.rb:188:in `checkout'
    C:/Ruby/lib/ruby/gems/1.8/gems/activerecord-2.3.8/lib/active_record/connection_adapters/abstract/connection_pool.rb:184:in `loop'
    C:/Ruby/lib/ruby/gems/1.8/gems/activerecord-2.3.8/lib/active_record/connection_adapters/abstract/connection_pool.rb:184:in `checkout'
    C:/Ruby/lib/ruby/1.8/monitor.rb:242:in `synchronize'
    C:/Ruby/lib/ruby/gems/1.8/gems/activerecord-2.3.8/lib/active_record/connection_adapters/abstract/connection_pool.rb:183:in `checkout'
    C:/Ruby/lib/ruby/gems/1.8/gems/activerecord-2.3.8/lib/active_record/connection_adapters/abstract/connection_pool.rb:98:in `connection'
    C:/Ruby/lib/ruby/gems/1.8/gems/activerecord-2.3.8/lib/active_record/connection_adapters/abstract/connection_pool.rb:326:in `retrieve_connection'
    C:/Ruby/lib/ruby/gems/1.8/gems/activerecord-2.3.8/lib/active_record/connection_adapters/abstract/connection_specification.rb:123:in `retrieve_connection'
    C:/Ruby/lib/ruby/gems/1.8/gems/activerecord-2.3.8/lib/active_record/connection_adapters/abstract/connection_specification.rb:115:in `connection'
    C:/Ruby/lib/ruby/gems/1.8/gems/activerecord-2.3.8/lib/active_record/query_cache.rb:9:in `cache'
    C:/Ruby/lib/ruby/gems/1.8/gems/activerecord-2.3.8/lib/active_record/query_cache.rb:28:in `call'
    C:/Ruby/lib/ruby/gems/1.8/gems/activerecord-2.3.8/lib/active_record/connection_adapters/abstract/connection_pool.rb:361:in `call'
    C:/Ruby/lib/ruby/gems/1.8/gems/actionpack-2.3.8/lib/action_controller/string_coercion.rb:25:in `call'
    C:/Ruby/lib/ruby/gems/1.8/gems/rack-1.1.0/lib/rack/head.rb:9:in `call'
    C:/Ruby/lib/ruby/gems/1.8/gems/rack-1.1.0/lib/rack/methodoverride.rb:24:in `call'
    C:/Ruby/lib/ruby/gems/1.8/gems/actionpack-2.3.8/lib/action_controller/params_parser.rb:15:in `call'
    C:/Ruby/lib/ruby/gems/1.8/gems/actionpack-2.3.8/lib/action_controller/session/cookie_store.rb:99:in `call'
    C:/Ruby/lib/ruby/gems/1.8/gems/actionpack-2.3.8/lib/action_controller/failsafe.rb:26:in `call'
    C:/Ruby/lib/ruby/gems/1.8/gems/rack-1.1.0/lib/rack/lock.rb:11:in `call'
    C:/Ruby/lib/ruby/gems/1.8/gems/rack-1.1.0/lib/rack/lock.rb:11:in `synchronize'
    C:/Ruby/lib/ruby/gems/1.8/gems/rack-1.1.0/lib/rack/lock.rb:11:in `call'
    C:/Ruby/lib/ruby/gems/1.8/gems/actionpack-2.3.8/lib/action_controller/dispatcher.rb:106:in `call'
    C:/Ruby/lib/ruby/gems/1.8/gems/rails-2.3.8/lib/rails/rack/static.rb:31:in `call'
    C:/Ruby/lib/ruby/gems/1.8/gems/rack-1.1.0/lib/rack/urlmap.rb:47:in `call'
    C:/Ruby/lib/ruby/gems/1.8/gems/rack-1.1.0/lib/rack/urlmap.rb:41:in `each'
    C:/Ruby/lib/ruby/gems/1.8/gems/rack-1.1.0/lib/rack/urlmap.rb:41:in `call'
    C:/Ruby/lib/ruby/gems/1.8/gems/rails-2.3.8/lib/rails/rack/log_tailer.rb:17:in `call'
    C:/Ruby/lib/ruby/gems/1.8/gems/rack-1.1.0/lib/rack/content_length.rb:13:in `call'
    C:/Ruby/lib/ruby/gems/1.8/gems/rack-1.1.0/lib/rack/handler/webrick.rb:48:in `service'
    C:/Ruby/lib/ruby/1.8/webrick/httpserver.rb:104:in `service'
    C:/Ruby/lib/ruby/1.8/webrick/httpserver.rb:65:in `run'
    C:/Ruby/lib/ruby/1.8/webrick/server.rb:173:in `start_thread'
    C:/Ruby/lib/ruby/1.8/webrick/server.rb:162:in `start'
    C:/Ruby/lib/ruby/1.8/webrick/server.rb:162:in `start_thread'
    C:/Ruby/lib/ruby/1.8/webrick/server.rb:95:in `start'
    C:/Ruby/lib/ruby/1.8/webrick/server.rb:92:in `each'
    C:/Ruby/lib/ruby/1.8/webrick/server.rb:92:in `start'
    C:/Ruby/lib/ruby/1.8/webrick/server.rb:23:in `start'
    C:/Ruby/lib/ruby/1.8/webrick/server.rb:82:in `start'
    C:/Ruby/lib/ruby/gems/1.8/gems/rack-1.1.0/lib/rack/handler/webrick.rb:14:in `run'
    C:/Ruby/lib/ruby/gems/1.8/gems/rails-2.3.8/lib/commands/server.rb:111
    C:/Ruby/lib/ruby/site_ruby/1.8/rubygems/custom_require.rb:31:in `gem_original_require'
    C:/Ruby/lib/ruby/site_ruby/1.8/rubygems/custom_require.rb:31:in `require'
    script/server:3


Processing ForumsController#index (for 127.0.0.1 at 2010-05-26 15:55:11) [GET]

ActiveRecord::StatementInvalid (Mysql::Error: Table 'business_production.forums' doesn't exist: SELECT * FROM `forums` ):
  app/controllers/forums_controller.rb:8:in `index'
  C:/Ruby/lib/ruby/1.8/webrick/httpserver.rb:104:in `service'
  C:/Ruby/lib/ruby/1.8/webrick/httpserver.rb:65:in `run'
  C:/Ruby/lib/ruby/1.8/webrick/server.rb:173:in `start_thread'
  C:/Ruby/lib/ruby/1.8/webrick/server.rb:162:in `start'
  C:/Ruby/lib/ruby/1.8/webrick/server.rb:162:in `start_thread'
  C:/Ruby/lib/ruby/1.8/webrick/server.rb:95:in `start'
  C:/Ruby/lib/ruby/1.8/webrick/server.rb:92:in `each'
  C:/Ruby/lib/ruby/1.8/webrick/server.rb:92:in `start'
  C:/Ruby/lib/ruby/1.8/webrick/server.rb:23:in `start'
  C:/Ruby/lib/ruby/1.8/webrick/server.rb:82:in `start'

Rendering rescues/layout (internal_server_error)


Processing AccountController#signup (for 127.0.0.1 at 2010-05-26 15:55:24) [GET]

ActiveRecord::StatementInvalid (Mysql::Error: Table 'business_production.users' doesn't exist: SHOW FIELDS FROM `users`):
  app/controllers/account_controller.rb:26:in `new'
  app/controllers/account_controller.rb:26:in `signup'
  C:/Ruby/lib/ruby/1.8/webrick/httpserver.rb:104:in `service'
  C:/Ruby/lib/ruby/1.8/webrick/httpserver.rb:65:in `run'
  C:/Ruby/lib/ruby/1.8/webrick/server.rb:173:in `start_thread'
  C:/Ruby/lib/ruby/1.8/webrick/server.rb:162:in `start'
  C:/Ruby/lib/ruby/1.8/webrick/server.rb:162:in `start_thread'
  C:/Ruby/lib/ruby/1.8/webrick/server.rb:95:in `start'
  C:/Ruby/lib/ruby/1.8/webrick/server.rb:92:in `each'
  C:/Ruby/lib/ruby/1.8/webrick/server.rb:92:in `start'
  C:/Ruby/lib/ruby/1.8/webrick/server.rb:23:in `start'
  C:/Ruby/lib/ruby/1.8/webrick/server.rb:82:in `start'

Rendering rescues/layout (internal_server_error)


Processing AccountController#signup (for 127.0.0.1 at 2010-05-26 15:56:09) [GET]

ActiveRecord::StatementInvalid (Mysql::Error: Table 'business_production.users' doesn't exist: SHOW FIELDS FROM `users`):
  app/controllers/account_controller.rb:26:in `new'
  app/controllers/account_controller.rb:26:in `signup'
  C:/Ruby/lib/ruby/1.8/webrick/httpserver.rb:104:in `service'
  C:/Ruby/lib/ruby/1.8/webrick/httpserver.rb:65:in `run'
  C:/Ruby/lib/ruby/1.8/webrick/server.rb:173:in `start_thread'
  C:/Ruby/lib/ruby/1.8/webrick/server.rb:162:in `start'
  C:/Ruby/lib/ruby/1.8/webrick/server.rb:162:in `start_thread'
  C:/Ruby/lib/ruby/1.8/webrick/server.rb:95:in `start'
  C:/Ruby/lib/ruby/1.8/webrick/server.rb:92:in `each'
  C:/Ruby/lib/ruby/1.8/webrick/server.rb:92:in `start'
  C:/Ruby/lib/ruby/1.8/webrick/server.rb:23:in `start'
  C:/Ruby/lib/ruby/1.8/webrick/server.rb:82:in `start'

Rendering rescues/layout (internal_server_error)


Processing AccountController#signup (for 127.0.0.1 at 2010-05-26 15:57:14) [GET]

ActiveRecord::StatementInvalid (Mysql::Error: Table 'business_production.users' doesn't exist: SHOW FIELDS FROM `users`):
  app/controllers/account_controller.rb:26:in `new'
  app/controllers/account_controller.rb:26:in `signup'
  C:/Ruby/lib/ruby/1.8/webrick/httpserver.rb:104:in `service'
  C:/Ruby/lib/ruby/1.8/webrick/httpserver.rb:65:in `run'
  C:/Ruby/lib/ruby/1.8/webrick/server.rb:173:in `start_thread'
  C:/Ruby/lib/ruby/1.8/webrick/server.rb:162:in `start'
  C:/Ruby/lib/ruby/1.8/webrick/server.rb:162:in `start_thread'
  C:/Ruby/lib/ruby/1.8/webrick/server.rb:95:in `start'
  C:/Ruby/lib/ruby/1.8/webrick/server.rb:92:in `each'
  C:/Ruby/lib/ruby/1.8/webrick/server.rb:92:in `start'
  C:/Ruby/lib/ruby/1.8/webrick/server.rb:23:in `start'
  C:/Ruby/lib/ruby/1.8/webrick/server.rb:82:in `start'

Rendering rescues/layout (internal_server_error)


Processing AccountController#signup (for 127.0.0.1 at 2010-05-26 15:59:06) [GET]

ActiveRecord::StatementInvalid (Mysql::Error: Table 'business_production.users' doesn't exist: SHOW FIELDS FROM `users`):
  app/controllers/account_controller.rb:26:in `new'
  app/controllers/account_controller.rb:26:in `signup'
  C:/Ruby/lib/ruby/1.8/webrick/httpserver.rb:104:in `service'
  C:/Ruby/lib/ruby/1.8/webrick/httpserver.rb:65:in `run'
  C:/Ruby/lib/ruby/1.8/webrick/server.rb:173:in `start_thread'
  C:/Ruby/lib/ruby/1.8/webrick/server.rb:162:in `start'
  C:/Ruby/lib/ruby/1.8/webrick/server.rb:162:in `start_thread'
  C:/Ruby/lib/ruby/1.8/webrick/server.rb:95:in `start'
  C:/Ruby/lib/ruby/1.8/webrick/server.rb:92:in `each'
  C:/Ruby/lib/ruby/1.8/webrick/server.rb:92:in `start'
  C:/Ruby/lib/ruby/1.8/webrick/server.rb:23:in `start'
  C:/Ruby/lib/ruby/1.8/webrick/server.rb:82:in `start'

Rendering rescues/layout (internal_server_error)
